Reduce 39 -> 18 iterations 20 unknown 0
Reduce 39 -> 18 iterations 20 unknown 0
Reduce 38 -> 19 iterations 19 unknown 0
Reduce 37 -> 17 iterations 19 unknown 0
Reduce 36 -> 18 iterations 18 unknown 0
Reduce 35 -> 16 iterations 18 unknown 0
Reduce 34 -> 17 iterations 17 unknown 0
Reduce 33 -> 16 iterations 17 unknown 0
Reduce 32 -> 16 iterations 16 unknown 0
Reduce 31 -> 15 iterations 16 unknown 0
Reduce 30 -> 15 iterations 15 unknown 0
Reduce 29 -> 14 iterations 14 unknown 0
Reduce 28 -> 14 iterations 14 unknown 0
Reduce 27 -> 13 iterations 14 unknown 0
Reduce 26 -> 13 iterations 13 unknown 0
Reduce 25 -> 12 iterations 13 unknown 0
Reduce 24 -> 12 iterations 12 unknown 0
Reduce 23 -> 11 iterations 12 unknown 0
Reduce 22 -> 11 iterations 11 unknown 0
Reduce 21 -> 10 iterations 11 unknown 0
Reduce 20 -> 10 iterations 10 unknown 0
Reduce 19 -> 9 iterations 10 unknown 0
Reduce 18 -> 9 iterations 9 unknown 0
Reduce 17 -> 8 iterations 9 unknown 0
Reduce 16 -> 8 iterations 8 unknown 0
Reduce 15 -> 7 iterations 8 unknown 0
Reduce 14 -> 7 iterations 7 unknown 0
Reduce 13 -> 6 iterations 7 unknown 0
Reduce 12 -> 6 iterations 6 unknown 0
Reduce 11 -> 5 iterations 6 unknown 0
Reduce 10 -> 5 iterations 5 unknown 0
Reduce 9 -> 4 iterations 5 unknown 0
Reduce 8 -> 4 iterations 4 unknown 0
Reduce 7 -> 3 iterations 4 unknown 0
Reduce 6 -> 3 iterations 3 unknown 0
Reduce 5 -> 3 iterations 3 unknown 1
[0, 0, 0, 0, 0, 0, 0, 0, 0, 0, 0, 0, 0, 0, 0, 0, 0, 0, 0, 0, 0, 0, 0, 0, 0, 0, 0, 0, 0, 0, 0, 0, 0, 0, 0, 0, 0, 0, 0]
improve 39 39
Reduce 20 -> 10 iterations 10 unknown 0
Reduce 19 -> 6 iterations 10 unknown 0
Reduce 18 -> 9 iterations 9 unknown 0
Reduce 17 -> 5 iterations 9 unknown 0
Reduce 16 -> 8 iterations 8 unknown 0
Reduce 15 -> 4 iterations 8 unknown 0
Reduce 14 -> 7 iterations 7 unknown 0
Reduce 13 -> 4 iterations 7 unknown 0
Reduce 12 -> 6 iterations 6 unknown 0
Reduce 11 -> 3 iterations 6 unknown 0
Reduce 10 -> 5 iterations 5 unknown 0
Reduce 6 -> 3 iterations 3 unknown 0
Reduce 5 -> 3 iterations 3 unknown 1
Reduce 7 -> 4 iterations 4 unknown 1
Reduce 6 -> 3 iterations 3 unknown 0
Reduce 5 -> 3 iterations 3 unknown 1
unknown
total number of cores 56
total number of correction sets 1
maxsat [ 0 ,  39 ] offset 0
[(1, 1), (2, 1), (3, 9), (4, 6), (5, 4), (6, 4), (7, 3), (8, 3), (9, 3), (10, 3), (11, 2), (12, 2), (13, 2), (14, 2), (15, 2), (16, 3), (17, 2), (18, 3), (19, 1)]
[(39, 1)]
New offset 4
Reduce 27 -> 13 iterations 14 unknown 0
Reduce 27 -> 13 iterations 14 unknown 0
Reduce 26 -> 13 iterations 13 unknown 0
Reduce 25 -> 12 iterations 13 unknown 0
Reduce 24 -> 12 iterations 12 unknown 0
Reduce 23 -> 11 iterations 12 unknown 0
Reduce 22 -> 11 iterations 11 unknown 0
Reduce 21 -> 10 iterations 11 unknown 0
Reduce 20 -> 10 iterations 10 unknown 0
Reduce 19 -> 9 iterations 10 unknown 0
Reduce 18 -> 9 iterations 9 unknown 0
Reduce 17 -> 8 iterations 9 unknown 0
Reduce 16 -> 8 iterations 8 unknown 0
Reduce 15 -> 7 iterations 8 unknown 0
Reduce 14 -> 5 iterations 6 unknown 0
Reduce 13 -> 5 iterations 5 unknown 0
Reduce 12 -> 4 iterations 5 unknown 0
Reduce 11 -> 5 iterations 6 unknown 0
Reduce 10 -> 5 iterations 5 unknown 0
Reduce 6 -> 3 iterations 3 unknown 0
Reduce 5 -> 3 iterations 3 unknown 1
Reduce 5 -> 2 iterations 3 unknown 0
[0, 0, 0, 0, 0, 0, 0, 0, 0, 0, 0, 0, 0, 0, 0, 0, 0, 0, 0, 0, 0, 0, 0, 0, 0, 0, 0]
improve 27 27
Reduce 11 -> 5 iterations 6 unknown 0
Reduce 10 -> 5 iterations 5 unknown 0
Reduce 9 -> 4 iterations 5 unknown 0
Reduce 8 -> 4 iterations 4 unknown 0
Reduce 7 -> 3 iterations 4 unknown 0
Reduce 6 -> 3 iterations 3 unknown 0
Reduce 5 -> 2 iterations 3 unknown 0
improve 27 27
improve 27 27
improve 27 27
26 unsat
25 unsat
24 unsat
23 sat
25 27 [0, 0, 0, 0, 0, 0, 0, 0, 0, 0, 0, 0, 0, 0, 0, 0, 0, 0, 1, 1, 0, 0, 0, 0, 0, 0, 0]
[0, 0, 0, 0, 0, 0, 0, 0, 0, 0, 0, 0, 0, 0, 0, 0, 0, 0, 1, 1, 0, 0, 0, 0, 0, 0, 0]
improve 27 25
rotate max-count 0 num occurrences 1
Number of plateaus 1
22 unsat
21 unsat
20 unsat
19 unsat
18 sat
24 27 [0, 0, 0, 0, 0, 0, 0, 0, 0, 0, 0, 0, 0, 0, 0, 1, 1, 1, 1, 1, 0, 0, 0, 0, 0, 0, 0]
[0, 0, 0, 0, 0, 0, 0, 0, 0, 0, 0, 0, 0, 0, 0, 1, 1, 1, 2, 2, 0, 0, 0, 0, 0, 0, 0]
improve 25 22
rotate max-count 4 num occurrences 1
Number of plateaus 1
try-rotate 4
improve 22 22
26 27 [0, 0, 0, 0, 0, 0, 0, 0, 0, 0, 0, 0, 0, 0, 1, 1, 1, 1, 1, 1, 0, 0, 0, 0, 0, 0, 0]
[0, 0, 0, 0, 0, 0, 0, 0, 0, 0, 0, 0, 0, 0, 1, 2, 2, 2, 3, 3, 0, 0, 0, 0, 0, 0, 0]
improve 22 21
improve 21 21
improve 21 21
improve 21 21
rotate-1 done, sat 5 unsat 21
rotate max-count 5 num occurrences 2
Number of plateaus 1
try-rotate 2
improve 21 21
rotate-1 done, sat 1 unsat 21
try-rotate 2
improve 21 21
rotate-1 done, sat 1 unsat 21
try-rotate 5
improve 21 21
rotate-1 done, sat 1 unsat 21
try-rotate 2
improve 21 21
rotate-1 done, sat 1 unsat 21
try-rotate 5
improve 21 21
rotate-1 done, sat 1 unsat 21
17 unsat
16 unsat
15 unsat
14 unsat
13 unsat
12 sat
11 unsat
10 unsat
9 unsat
8 sat
7 sat
6 unsat
Reduce 6 -> 3 iterations 3 unknown 0
5 unsat
4 unsat
3 unsat
2 unsat
1 sat
improve 21 21
0 unsat
total number of cores 192
total number of correction sets 20
maxsat [ 0 ,  21 ] offset 0
[(1, 117), (2, 11), (3, 10), (4, 7), (5, 6), (6, 23), (7, 5), (8, 2), (9, 2), (10, 2), (11, 2), (12, 2), (13, 3)]
[(21, 10), (22, 5), (25, 1), (27, 4)]
New offset 19
Reduce 19 -> 9 iterations 9 unknown 0
Reduce 19 -> 9 iterations 9 unknown 0
Reduce 18 -> 7 iterations 9 unknown 0
Reduce 17 -> 7 iterations 9 unknown 0
Reduce 16 -> 7 iterations 8 unknown 0
Reduce 15 -> 6 iterations 8 unknown 0
Reduce 14 -> 7 iterations 7 unknown 0
Reduce 13 -> 6 iterations 7 unknown 0
Reduce 12 -> 6 iterations 6 unknown 0
Reduce 12 -> 6 iterations 6 unknown 0
Reduce 11 -> 5 iterations 6 unknown 0
Reduce 10 -> 5 iterations 5 unknown 0
Reduce 9 -> 4 iterations 5 unknown 0
Reduce 8 -> 4 iterations 4 unknown 0
Reduce 7 -> 3 iterations 4 unknown 0
Reduce 6 -> 3 iterations 3 unknown 0
Reduce 5 -> 2 iterations 3 unknown 0
[0, 0, 0, 0, 0, 0, 0, 0, 0, 0, 0, 0, 0, 0, 0, 0, 0, 0, 0, 0]
improve 20 20
Reduce 7 -> 3 iterations 4 unknown 0
Reduce 6 -> 3 iterations 3 unknown 0
Reduce 5 -> 2 iterations 3 unknown 0
improve 20 20
unknown
total number of cores 32
total number of correction sets 2
maxsat [ 0 ,  20 ] offset 0
[(1, 3), (2, 6), (3, 7), (4, 4), (5, 2), (6, 4), (7, 4), (9, 2)]
[(20, 2)]
New offset 4
Reduce 32 -> 15 iterations 16 unknown 0
Reduce 32 -> 15 iterations 16 unknown 0
Reduce 31 -> 15 iterations 15 unknown 0
Reduce 30 -> 14 iterations 15 unknown 0
Reduce 29 -> 14 iterations 15 unknown 0
Reduce 28 -> 14 iterations 14 unknown 0
Reduce 27 -> 13 iterations 14 unknown 0
Reduce 26 -> 13 iterations 13 unknown 0
Reduce 24 -> 10 iterations 11 unknown 0
Reduce 23 -> 10 iterations 11 unknown 0
Reduce 22 -> 10 iterations 11 unknown 0
Reduce 21 -> 10 iterations 10 unknown 0
Reduce 20 -> 9 iterations 10 unknown 0
Reduce 19 -> 9 iterations 9 unknown 0
Reduce 18 -> 8 iterations 9 unknown 0
Reduce 17 -> 8 iterations 9 unknown 0
Reduce 16 -> 8 iterations 8 unknown 0
Reduce 15 -> 7 iterations 8 unknown 0
Reduce 14 -> 7 iterations 7 unknown 0
Reduce 14 -> 7 iterations 7 unknown 0
Reduce 13 -> 6 iterations 7 unknown 0
Reduce 12 -> 6 iterations 6 unknown 0
Reduce 11 -> 5 iterations 6 unknown 0
Reduce 10 -> 5 iterations 5 unknown 0
Reduce 9 -> 4 iterations 5 unknown 0
Reduce 8 -> 4 iterations 4 unknown 0
Reduce 7 -> 3 iterations 4 unknown 0
Reduce 6 -> 3 iterations 3 unknown 0
Reduce 5 -> 2 iterations 3 unknown 0
[0, 0, 0, 0, 0, 0, 0, 0, 0, 0, 0, 0, 0, 0, 0, 0, 0, 0, 0, 0, 0, 1, 1, 0, 1, 1, 0, 0, 0, 0, 0, 0]
improve 32 28
Reduce 5 -> 2 iterations 3 unknown 0
Reduce 11 -> 5 iterations 6 unknown 0
Reduce 10 -> 5 iterations 5 unknown 0
Reduce 9 -> 4 iterations 5 unknown 0
Reduce 8 -> 4 iterations 4 unknown 0
Reduce 8 -> 4 iterations 4 unknown 0
Reduce 7 -> 3 iterations 4 unknown 0
Reduce 6 -> 3 iterations 3 unknown 0
Reduce 5 -> 2 iterations 3 unknown 0
27 32 [0, 0, 0, 0, 0, 0, 0, 0, 0, 0, 0, 0, 0, 0, 0, 0, 1, 1, 1, 1, 1, 1, 1, 0, 1, 1, 0, 0, 0, 0, 0, 0]
[0, 0, 0, 0, 0, 0, 0, 0, 0, 0, 0, 0, 0, 0, 0, 0, 1, 1, 1, 1, 1, 2, 2, 0, 2, 2, 0, 0, 0, 0, 0, 0]
improve 28 23
22 unsat
Reduce 10 -> 5 iterations 5 unknown 0
21 unsat
Reduce 10 -> 5 iterations 5 unknown 0
20 unsat
Reduce 10 -> 5 iterations 5 unknown 0
19 unsat
Reduce 5 -> 2 iterations 3 unknown 0
18 unsat
17 sat
31 32 [0, 0, 0, 0, 0, 0, 0, 0, 0, 0, 0, 0, 0, 0, 0, 1, 1, 1, 1, 1, 1, 1, 1, 0, 1, 1, 0, 0, 0, 0, 0, 0]
[0, 0, 0, 0, 0, 0, 0, 0, 0, 0, 0, 0, 0, 0, 0, 1, 2, 2, 2, 2, 2, 3, 3, 0, 3, 3, 0, 0, 0, 0, 0, 0]
improve 23 22
rotate max-count 5 num occurrences 1
Number of plateaus 6
try-rotate 3
improve 22 22
unknown
rotate-1 done, sat 1 unsat 21
try-rotate 3
unknown
improve 22 22
rotate-1 done, sat 1 unsat 21
try-rotate 3
unknown
improve 22 22
rotate-1 done, sat 1 unsat 21
try-rotate 5
improve 22 22
rotate-1 done, sat 1 unsat 22
16 unsat
Reduce 5 -> 2 iterations 3 unknown 0
15 unsat
14 unsat
13 unsat
Reduce 11 -> 6 iterations 6 unknown 1
12 unsat
Reduce 5 -> 2 iterations 3 unknown 0
11 unsat
Reduce 6 -> 3 iterations 4 unknown 1
10 unsat
9 unsat
8 unsat
7 unsat
6 unsat
Reduce 5 -> 2 iterations 3 unknown 0
5 unsat
4 unsat
3 unsat
2 unsat
1 unsat
Reduce 5 -> 2 iterations 3 unknown 0
0 unsat
Reduce 5 -> 2 iterations 3 unknown 0
total number of cores 160
total number of correction sets 9
maxsat [ 0 ,  22 ] offset 0
[(1, 8), (2, 23), (3, 9), (4, 9), (5, 7), (6, 3), (7, 3), (8, 3), (9, 2), (10, 83), (11, 2), (13, 2), (14, 3), (15, 3)]
[(22, 5), (23, 1), (28, 1), (32, 2)]
New offset 8
Reduce 23 -> 11 iterations 12 unknown 0
Reduce 23 -> 11 iterations 12 unknown 0
Reduce 22 -> 10 iterations 11 unknown 0
Reduce 21 -> 10 iterations 11 unknown 0
Reduce 20 -> 9 iterations 10 unknown 0
Reduce 19 -> 9 iterations 9 unknown 0
Reduce 18 -> 9 iterations 9 unknown 0
Reduce 17 -> 8 iterations 8 unknown 0
Reduce 16 -> 7 iterations 8 unknown 0
Reduce 15 -> 7 iterations 7 unknown 0
Reduce 14 -> 6 iterations 7 unknown 0
Reduce 13 -> 6 iterations 6 unknown 0
Reduce 12 -> 5 iterations 6 unknown 0
Reduce 11 -> 5 iterations 5 unknown 0
Reduce 10 -> 4 iterations 5 unknown 0
Reduce 9 -> 4 iterations 4 unknown 0
Reduce 8 -> 3 iterations 4 unknown 0
Reduce 7 -> 3 iterations 4 unknown 0
Reduce 6 -> 3 iterations 3 unknown 0
Reduce 5 -> 2 iterations 3 unknown 0
[0, 0, 0, 0, 0, 0, 0, 0, 0, 0, 0, 0, 0, 0, 0, 0, 0, 0, 0, 0, 0, 0, 0]
improve 23 23
Reduce 11 -> 5 iterations 5 unknown 0
Reduce 10 -> 5 iterations 5 unknown 0
Reduce 9 -> 4 iterations 5 unknown 0
Reduce 8 -> 4 iterations 4 unknown 0
Reduce 7 -> 3 iterations 4 unknown 0
Reduce 6 -> 3 iterations 3 unknown 0
Reduce 5 -> 2 iterations 3 unknown 0
improve 23 23
improve 23 23
improve 23 23
improve 23 23
22 unsat
21 unsat
20 unsat
19 unsat
18 unsat
17 unknown
16 unsat
15 unsat
14 unsat
13 sat
18 23 [0, 0, 0, 0, 0, 0, 0, 0, 0, 0, 1, 1, 0, 1, 1, 1, 0, 0, 0, 0, 0, 0, 0]
[0, 0, 0, 0, 0, 0, 0, 0, 0, 0, 1, 1, 0, 1, 1, 1, 0, 0, 0, 0, 0, 0, 0]
improve 23 18
rotate max-count 0 num occurrences 2
Number of plateaus 2
12 unsat
11 sat
improve 18 18
10 unsat
9 sat
22 23 [0, 0, 0, 0, 0, 0, 0, 0, 0, 1, 1, 1, 0, 1, 1, 1, 0, 0, 0, 0, 0, 0, 0]
[0, 0, 0, 0, 0, 0, 0, 0, 0, 1, 2, 2, 0, 2, 2, 2, 0, 0, 0, 0, 0, 0, 0]
improve 18 17
rotate max-count 0 num occurrences 4
Number of plateaus 4
8 unsat
Reduce 5 -> 3 iterations 3 unknown 1
7 unsat
Reduce 5 -> 3 iterations 3 unknown 1
6 unknown
5 unsat
4 unsat
3 unknown
2 unknown
1 unsat
0 unsat
Number undetermined 3
total number of cores 58
total number of correction sets 8
maxsat [ 0 ,  17 ] offset 0
[(1, 19), (2, 6), (3, 10), (4, 7), (5, 4), (6, 2), (7, 2), (8, 1), (9, 3), (10, 2), (11, 2)]
[(17, 1), (18, 2), (23, 5)]
New offset 16
Reduce 32 -> 15 iterations 16 unknown 0
Reduce 32 -> 15 iterations 16 unknown 0
Reduce 31 -> 15 iterations 15 unknown 0
Reduce 30 -> 15 iterations 15 unknown 0
Reduce 29 -> 14 iterations 15 unknown 0
Reduce 28 -> 14 iterations 14 unknown 0
Reduce 26 -> 12 iterations 12 unknown 0
Reduce 25 -> 12 iterations 13 unknown 0
Reduce 24 -> 12 iterations 12 unknown 0
Reduce 23 -> 11 iterations 12 unknown 0
Reduce 22 -> 11 iterations 11 unknown 0
Reduce 21 -> 10 iterations 11 unknown 0
Reduce 20 -> 10 iterations 10 unknown 0
Reduce 19 -> 9 iterations 10 unknown 0
Reduce 18 -> 9 iterations 9 unknown 0
Reduce 17 -> 8 iterations 9 unknown 0
Reduce 16 -> 8 iterations 8 unknown 0
Reduce 15 -> 7 iterations 8 unknown 0
Reduce 14 -> 7 iterations 7 unknown 0
Reduce 13 -> 6 iterations 7 unknown 0
Reduce 12 -> 6 iterations 6 unknown 0
Reduce 12 -> 6 iterations 6 unknown 0
Reduce 11 -> 5 iterations 6 unknown 0
Reduce 10 -> 5 iterations 5 unknown 0
Reduce 9 -> 4 iterations 4 unknown 0
Reduce 8 -> 3 iterations 4 unknown 0
Reduce 7 -> 3 iterations 4 unknown 0
Reduce 6 -> 3 iterations 3 unknown 0
Reduce 5 -> 2 iterations 3 unknown 0
[0, 0, 0, 0, 0, 0, 0, 0, 0, 0, 0, 0, 0, 0, 0, 0, 1, 1, 1, 1, 1, 1, 1, 0, 1, 1, 0, 0, 0, 0, 0, 0]
improve 32 23
Reduce 10 -> 5 iterations 5 unknown 0
Reduce 15 -> 7 iterations 8 unknown 0
Reduce 14 -> 7 iterations 7 unknown 0
Reduce 12 -> 6 iterations 6 unknown 0
Reduce 12 -> 6 iterations 6 unknown 0
Reduce 10 -> 5 iterations 5 unknown 0
Reduce 10 -> 5 iterations 5 unknown 0
Reduce 9 -> 4 iterations 5 unknown 0
Reduce 9 -> 4 iterations 4 unknown 0
Reduce 7 -> 3 iterations 4 unknown 0
Reduce 7 -> 3 iterations 4 unknown 0
Reduce 6 -> 3 iterations 3 unknown 0
Reduce 5 -> 2 iterations 3 unknown 0
unknown
total number of cores 58
total number of correction sets 3
maxsat [ 0 ,  23 ] offset 0
[(1, 4), (2, 5), (3, 11), (4, 7), (5, 5), (6, 5), (7, 4), (8, 2), (9, 2), (10, 2), (11, 2), (12, 3), (14, 2), (15, 4)]
[(23, 1), (32, 2)]
New offset 8
Reduce 30 -> 15 iterations 15 unknown 0
Reduce 30 -> 15 iterations 15 unknown 0
Reduce 29 -> 14 iterations 15 unknown 0
Reduce 28 -> 14 iterations 14 unknown 0
Reduce 27 -> 13 iterations 14 unknown 0
Reduce 26 -> 13 iterations 13 unknown 0
Reduce 25 -> 12 iterations 13 unknown 0
Reduce 24 -> 12 iterations 12 unknown 0
Reduce 23 -> 11 iterations 12 unknown 0
Reduce 22 -> 10 iterations 11 unknown 0
Reduce 21 -> 10 iterations 11 unknown 0
Reduce 19 -> 9 iterations 10 unknown 0
Reduce 19 -> 9 iterations 10 unknown 0
Reduce 18 -> 9 iterations 9 unknown 0
Reduce 17 -> 7 iterations 8 unknown 0
Reduce 16 -> 7 iterations 7 unknown 0
Reduce 15 -> 6 iterations 7 unknown 0
Reduce 14 -> 6 iterations 6 unknown 0
Reduce 13 -> 5 iterations 6 unknown 0
Reduce 12 -> 5 iterations 5 unknown 0
Reduce 11 -> 4 iterations 5 unknown 0
Reduce 10 -> 4 iterations 4 unknown 0
Reduce 9 -> 4 iterations 4 unknown 0
Reduce 8 -> 3 iterations 4 unknown 0
Reduce 7 -> 3 iterations 3 unknown 0
Reduce 6 -> 2 iterations 3 unknown 0
Reduce 5 -> 2 iterations 3 unknown 0
[0, 0, 0, 0, 0, 0, 0, 0, 0, 0, 0, 0, 0, 0, 0, 0, 0, 0, 0, 0, 0, 0, 0, 0, 0, 0, 0, 0, 0, 0]
improve 30 30
Reduce 9 -> 4 iterations 5 unknown 0
Reduce 8 -> 4 iterations 4 unknown 0
Reduce 7 -> 3 iterations 4 unknown 0
Reduce 6 -> 3 iterations 3 unknown 0
Reduce 5 -> 2 iterations 3 unknown 0
improve 30 30
Reduce 5 -> 2 iterations 3 unknown 0
26 30 [0, 0, 0, 0, 0, 0, 0, 0, 0, 0, 0, 0, 0, 0, 0, 0, 0, 0, 0, 1, 1, 1, 1, 0, 0, 0, 0, 0, 0, 0]
[0, 0, 0, 0, 0, 0, 0, 0, 0, 0, 0, 0, 0, 0, 0, 0, 0, 0, 0, 1, 1, 1, 1, 0, 0, 0, 0, 0, 0, 0]
improve 30 26
29 unsat
28 unsat
27 unsat
26 unsat
25 sat
24 unsat
23 unsat
22 unsat
21 sat
20 unsat
19 sat
28 30 [0, 0, 0, 0, 0, 0, 0, 0, 0, 0, 0, 0, 0, 0, 0, 0, 0, 1, 1, 1, 1, 1, 1, 0, 0, 0, 0, 0, 0, 0]
[0, 0, 0, 0, 0, 0, 0, 0, 0, 0, 0, 0, 0, 0, 0, 0, 0, 1, 1, 2, 2, 2, 2, 0, 0, 0, 0, 0, 0, 0]
improve 26 24
rotate max-count 1 num occurrences 1
Number of plateaus 3
18 unsat
17 unsat
16 unsat
15 unsat
14 unsat
13 unsat
12 sat
improve 24 24
11 unsat
10 unsat
9 unsat
8 sat
improve 24 24
7 sat
improve 24 24
6 unsat
5 unsat
Reduce 7 -> 4 iterations 5 unknown 2
4 unsat
3 unsat
2 unsat
1 unsat
0 unsat
total number of cores 71
total number of correction sets 10
maxsat [ 0 ,  24 ] offset 0
[(1, 25), (2, 9), (3, 8), (4, 9), (5, 2), (6, 2), (7, 2), (9, 3), (10, 2), (11, 1), (12, 2), (13, 2), (14, 2), (15, 2)]
[(24, 4), (26, 1), (27, 2), (30, 3)]
New offset 23
Reduce 22 -> 8 iterations 8 unknown 0
Reduce 22 -> 8 iterations 8 unknown 0
Reduce 21 -> 8 iterations 8 unknown 0
Reduce 20 -> 7 iterations 7 unknown 0
Reduce 19 -> 6 iterations 7 unknown 0
Reduce 18 -> 9 iterations 9 unknown 0
Reduce 11 -> 5 iterations 6 unknown 0
Reduce 10 -> 5 iterations 5 unknown 0
Reduce 9 -> 4 iterations 5 unknown 0
Reduce 8 -> 3 iterations 4 unknown 0
Reduce 7 -> 2 iterations 4 unknown 0
Reduce 6 -> 3 iterations 3 unknown 0
Reduce 6 -> 3 iterations 3 unknown 0
Reduce 6 -> 3 iterations 3 unknown 0
Reduce 5 -> 2 iterations 3 unknown 0
[0, 0, 0, 0, 0, 0, 0, 0, 0, 0, 0, 0, 0, 0, 0, 0, 0, 0, 0, 0, 0, 0]
improve 22 22
Reduce 7 -> 3 iterations 4 unknown 0
Reduce 6 -> 3 iterations 3 unknown 0
Reduce 5 -> 1 iterations 3 unknown 0
improve 22 22
improve 22 22
improve 22 22
21 sat
17 22 [0, 0, 0, 0, 0, 0, 0, 0, 0, 1, 1, 1, 0, 1, 1, 0, 0, 0, 0, 0, 0, 0]
[0, 0, 0, 0, 0, 0, 0, 0, 0, 1, 1, 1, 0, 1, 1, 0, 0, 0, 0, 0, 0, 0]
improve 22 17
rotate max-count 0 num occurrences 1
Number of plateaus 1
20 unsat
19 unsat
18 unsat
17 unsat
16 unsat
15 sat
improve 17 17
14 unsat
13 unsat
12 unsat
11 unsat
10 sat
improve 17 17
9 sat
improve 17 17
8 sat
21 22 [0, 0, 0, 0, 0, 0, 0, 0, 1, 1, 1, 1, 0, 1, 1, 0, 0, 0, 0, 0, 0, 0]
[0, 0, 0, 0, 0, 0, 0, 0, 1, 2, 2, 2, 0, 2, 2, 0, 0, 0, 0, 0, 0, 0]
improve 17 16
rotate max-count 5 num occurrences 1
Number of plateaus 4
try-rotate 5
improve 16 16
improve 16 16
rotate-1 done, sat 2 unsat 16
7 unsat
6 unsat
5 unsat
4 unsat
3 sat
improve 16 16
2 unsat
1 unsat
0 unsat
total number of cores 69
total number of correction sets 12
maxsat [ 0 ,  16 ] offset 0
[(1, 22), (2, 14), (3, 14), (4, 3), (5, 2), (6, 9), (7, 1), (8, 3), (9, 1)]
[(16, 4), (17, 4), (22, 4)]
New offset 13
Reduce 30 -> 15 iterations 15 unknown 0
Reduce 30 -> 15 iterations 15 unknown 0
Reduce 29 -> 14 iterations 15 unknown 0
Reduce 28 -> 14 iterations 14 unknown 0
Reduce 27 -> 12 iterations 12 unknown 0
Reduce 26 -> 11 iterations 12 unknown 0
Reduce 25 -> 11 iterations 11 unknown 0
Reduce 24 -> 11 iterations 11 unknown 0
Reduce 23 -> 10 iterations 11 unknown 0
Reduce 22 -> 10 iterations 10 unknown 0
Reduce 21 -> 9 iterations 10 unknown 0
Reduce 20 -> 10 iterations 10 unknown 0
Reduce 19 -> 9 iterations 10 unknown 0
Reduce 16 -> 8 iterations 8 unknown 0
Reduce 15 -> 7 iterations 8 unknown 0
Reduce 14 -> 7 iterations 7 unknown 0
Reduce 13 -> 6 iterations 7 unknown 0
Reduce 12 -> 6 iterations 6 unknown 0
Reduce 11 -> 5 iterations 6 unknown 0
Reduce 10 -> 5 iterations 5 unknown 0
Reduce 9 -> 4 iterations 5 unknown 0
Reduce 8 -> 4 iterations 4 unknown 0
Reduce 7 -> 3 iterations 4 unknown 0
Reduce 7 -> 3 iterations 4 unknown 0
Reduce 6 -> 3 iterations 3 unknown 0
Reduce 5 -> 2 iterations 3 unknown 0
[0, 0, 0, 0, 0, 0, 0, 0, 0, 0, 0, 0, 0, 0, 0, 0, 0, 0, 0, 0, 0, 0, 0, 0, 0, 0, 0, 0, 0, 0]
improve 30 30
Reduce 6 -> 3 iterations 3 unknown 0
Reduce 5 -> 2 iterations 3 unknown 0
Reduce 10 -> 5 iterations 5 unknown 0
Reduce 9 -> 4 iterations 5 unknown 0
Reduce 8 -> 4 iterations 4 unknown 0
Reduce 7 -> 3 iterations 4 unknown 0
Reduce 6 -> 2 iterations 3 unknown 0
Reduce 5 -> 2 iterations 3 unknown 0
Reduce 6 -> 3 iterations 3 unknown 0
Reduce 5 -> 2 iterations 3 unknown 0
Reduce 5 -> 3 iterations 3 unknown 1
21 30 [0, 0, 0, 0, 0, 0, 0, 0, 0, 0, 0, 0, 0, 0, 1, 1, 1, 1, 1, 1, 1, 1, 1, 0, 0, 0, 0, 0, 0, 0]
[0, 0, 0, 0, 0, 0, 0, 0, 0, 0, 0, 0, 0, 0, 1, 1, 1, 1, 1, 1, 1, 1, 1, 0, 0, 0, 0, 0, 0, 0]
improve 30 21
29 unsat
28 unsat
27 unsat
26 unsat
25 sat
24 unsat
23 sat
22 unsat
21 sat
20 unsat
19 unsat
18 sat
improve 21 21
17 sat
improve 21 21
16 unsat
15 unsat
14 sat
improve 21 21
13 unsat
12 sat
improve 21 21
11 unsat
10 sat
29 30 [0, 0, 0, 0, 0, 0, 0, 0, 0, 0, 0, 0, 0, 1, 1, 1, 1, 1, 1, 1, 1, 1, 1, 0, 0, 0, 0, 0, 0, 0]
[0, 0, 0, 0, 0, 0, 0, 0, 0, 0, 0, 0, 0, 1, 2, 2, 2, 2, 2, 2, 2, 2, 2, 0, 0, 0, 0, 0, 0, 0]
improve 21 20
rotate max-count 1 num occurrences 1
Number of plateaus 8
9 unsat
8 unsat
7 unsat
6 sat
improve 20 20
5 unsat
4 unsat
3 unsat
2 unsat
1 unsat
0 sat
improve 20 20
total number of cores 70
total number of correction sets 14
maxsat [ 0 ,  20 ] offset 0
[(1, 22), (2, 9), (3, 10), (4, 8), (5, 3), (6, 2), (7, 2), (8, 1), (9, 2), (10, 3), (11, 3), (12, 1), (14, 2), (15, 2)]
[(20, 3), (21, 5), (22, 1), (24, 1), (25, 1), (30, 3)]
New offset 20
Reduce 27 -> 13 iterations 14 unknown 0
Reduce 27 -> 13 iterations 14 unknown 0
Reduce 26 -> 13 iterations 13 unknown 0
Reduce 25 -> 12 iterations 13 unknown 0
Reduce 24 -> 12 iterations 12 unknown 0
Reduce 23 -> 11 iterations 12 unknown 0
Reduce 22 -> 11 iterations 11 unknown 0
Reduce 21 -> 10 iterations 11 unknown 0
Reduce 20 -> 10 iterations 10 unknown 0
Reduce 19 -> 9 iterations 10 unknown 0
Reduce 18 -> 9 iterations 9 unknown 0
Reduce 17 -> 8 iterations 9 unknown 0
Reduce 16 -> 8 iterations 8 unknown 0
Reduce 15 -> 7 iterations 8 unknown 0
Reduce 14 -> 7 iterations 7 unknown 0
Reduce 13 -> 6 iterations 7 unknown 0
Reduce 12 -> 6 iterations 6 unknown 0
Reduce 11 -> 5 iterations 6 unknown 0
Reduce 10 -> 5 iterations 5 unknown 0
Reduce 9 -> 4 iterations 5 unknown 0
Reduce 8 -> 4 iterations 4 unknown 0
Reduce 7 -> 3 iterations 4 unknown 0
Reduce 6 -> 3 iterations 3 unknown 0
Reduce 5 -> 3 iterations 3 unknown 1
[0, 0, 0, 0, 0, 0, 0, 0, 0, 0, 0, 0, 0, 0, 0, 0, 0, 0, 0, 0, 0, 0, 0, 0, 0, 0, 0]
improve 27 27
21 27 [0, 0, 0, 0, 0, 0, 0, 0, 0, 0, 0, 0, 0, 0, 1, 1, 1, 1, 1, 1, 0, 0, 0, 0, 0, 0, 0]
[0, 0, 0, 0, 0, 0, 0, 0, 0, 0, 0, 0, 0, 0, 1, 1, 1, 1, 1, 1, 0, 0, 0, 0, 0, 0, 0]
improve 27 21
Reduce 5 -> 1 iterations 2 unknown 0
improve 21 21
20 unsat
19 unsat
18 unsat
Reduce 7 -> 3 iterations 4 unknown 0
17 unsat
16 unsat
15 unsat
14 unsat
13 unsat
Reduce 7 -> 3 iterations 4 unknown 0
12 unsat
11 unsat
Reduce 7 -> 4 iterations 4 unknown 1
10 unsat
9 unsat
8 unsat
7 unsat
6 unsat
5 unsat
4 unsat
3 unsat
2 unsat
1 unsat
0 unsat
total number of cores 66
total number of correction sets 4
maxsat [ 0 ,  21 ] offset 0
[(1, 16), (2, 9), (3, 15), (4, 7), (5, 2), (6, 2), (7, 2), (8, 2), (9, 2), (10, 2), (11, 2), (12, 2), (13, 3)]
[(21, 2), (27, 2)]
New offset 16
Reduce 21 -> 10 iterations 11 unknown 0
Reduce 21 -> 10 iterations 11 unknown 0
Reduce 20 -> 10 iterations 10 unknown 0
Reduce 19 -> 9 iterations 10 unknown 0
Reduce 18 -> 7 iterations 9 unknown 0
Reduce 17 -> 8 iterations 9 unknown 0
Reduce 16 -> 7 iterations 8 unknown 0
Reduce 15 -> 7 iterations 8 unknown 0
Reduce 14 -> 7 iterations 7 unknown 0
Reduce 13 -> 6 iterations 7 unknown 0
Reduce 12 -> 6 iterations 6 unknown 0
Reduce 11 -> 4 iterations 6 unknown 0
Reduce 10 -> 5 iterations 5 unknown 0
Reduce 9 -> 4 iterations 5 unknown 0
Reduce 8 -> 4 iterations 4 unknown 0
Reduce 7 -> 3 iterations 4 unknown 0
Reduce 6 -> 3 iterations 3 unknown 0
Reduce 5 -> 2 iterations 3 unknown 0
unknown
total number of cores 22
total number of correction sets 0
maxsat [ 0 ,  21 ] offset 0
[(1, 1), (2, 2), (3, 3), (4, 4), (5, 1), (6, 2), (7, 4), (8, 1), (9, 1), (10, 3)]
[]
New offset 3
Reduce 29 -> 13 iterations 14 unknown 0
Reduce 29 -> 13 iterations 14 unknown 0
Reduce 28 -> 14 iterations 14 unknown 0
Reduce 27 -> 12 iterations 13 unknown 0
Reduce 26 -> 12 iterations 12 unknown 0
Reduce 25 -> 11 iterations 12 unknown 0
Reduce 24 -> 12 iterations 12 unknown 0
Reduce 23 -> 10 iterations 11 unknown 0
Reduce 22 -> 10 iterations 10 unknown 0
Reduce 21 -> 10 iterations 11 unknown 0
Reduce 20 -> 10 iterations 10 unknown 0
Reduce 19 -> 9 iterations 10 unknown 0
Reduce 18 -> 9 iterations 9 unknown 0
Reduce 17 -> 8 iterations 9 unknown 0
Reduce 16 -> 8 iterations 8 unknown 0
Reduce 15 -> 7 iterations 8 unknown 0
Reduce 14 -> 7 iterations 7 unknown 0
Reduce 13 -> 6 iterations 7 unknown 0
Reduce 12 -> 6 iterations 6 unknown 0
Reduce 10 -> 5 iterations 5 unknown 0
Reduce 9 -> 4 iterations 5 unknown 0
Reduce 8 -> 4 iterations 4 unknown 0
Reduce 7 -> 3 iterations 4 unknown 0
Reduce 6 -> 3 iterations 3 unknown 0
Reduce 6 -> 3 iterations 3 unknown 0
Reduce 5 -> 2 iterations 3 unknown 0
[0, 0, 0, 0, 0, 0, 0, 0, 0, 0, 0, 0, 0, 0, 0, 0, 0, 0, 0, 0, 0, 0, 0, 0, 0, 0, 0, 0, 0]
improve 29 29
Reduce 9 -> 4 iterations 4 unknown 0
Reduce 8 -> 4 iterations 4 unknown 1
Reduce 7 -> 4 iterations 4 unknown 1
Reduce 6 -> 3 iterations 4 unknown 1
Reduce 5 -> 3 iterations 3 unknown 1
27 29 [0, 0, 0, 0, 0, 0, 0, 0, 0, 0, 0, 0, 0, 0, 0, 0, 0, 0, 0, 0, 1, 1, 0, 0, 0, 0, 0, 0, 0]
[0, 0, 0, 0, 0, 0, 0, 0, 0, 0, 0, 0, 0, 0, 0, 0, 0, 0, 0, 0, 1, 1, 0, 0, 0, 0, 0, 0, 0]
improve 29 27
27 unsat
26 unsat
25 sat
improve 27 27
24 unsat
23 unsat
22 unsat
21 unsat
20 unsat
19 unsat
18 unsat
17 unsat
16 unsat
15 unsat
14 unsat
13 unsat
12 sat
27 29 [0, 0, 0, 0, 0, 0, 0, 0, 0, 0, 0, 0, 0, 0, 0, 0, 0, 0, 1, 1, 1, 1, 0, 0, 0, 0, 0, 0, 0]
[0, 0, 0, 0, 0, 0, 0, 0, 0, 0, 0, 0, 0, 0, 0, 0, 0, 0, 1, 1, 2, 2, 0, 0, 0, 0, 0, 0, 0]
improve 27 25
rotate max-count 6 num occurrences 2
Number of plateaus 1
try-rotate 6
improve 25 25
28 29 [0, 0, 0, 0, 0, 0, 0, 0, 0, 0, 0, 0, 0, 0, 0, 0, 0, 1, 1, 1, 1, 1, 0, 0, 0, 0, 0, 0, 0]
[0, 0, 0, 0, 0, 0, 0, 0, 0, 0, 0, 0, 0, 0, 0, 0, 0, 1, 2, 2, 3, 3, 0, 0, 0, 0, 0, 0, 0]
improve 25 24
28 29 [0, 0, 0, 0, 0, 0, 0, 0, 0, 0, 0, 0, 0, 0, 0, 0, 1, 1, 1, 1, 1, 1, 0, 0, 0, 0, 0, 0, 0]
[0, 0, 0, 0, 0, 0, 0, 0, 0, 0, 0, 0, 0, 0, 0, 0, 1, 2, 3, 3, 4, 4, 0, 0, 0, 0, 0, 0, 0]
improve 24 23
improve 23 23
rotate-1 done, sat 4 unsat 23
rotate max-count 12 num occurrences 1
Number of plateaus 0
try-rotate 11
improve 23 23
rotate-1 done, sat 1 unsat 23
try-rotate 12
improve 23 23
rotate-1 done, sat 1 unsat 23
try-rotate 11
improve 23 23
rotate-1 done, sat 1 unsat 23
try-rotate 11
improve 23 23
rotate-1 done, sat 1 unsat 23
try-rotate 11
improve 23 23
rotate-1 done, sat 1 unsat 23
try-rotate 11
improve 23 23
rotate-1 done, sat 1 unsat 23
11 unsat
10 unsat
9 unsat
8 sat
7 unsat
6 sat
5 unsat
4 unsat
3 unsat
2 sat
improve 23 23
1 unsat
0 unsat
total number of cores 231
total number of correction sets 19
maxsat [ 0 ,  23 ] offset 0
[(1, 122), (2, 9), (3, 15), (4, 7), (5, 1), (6, 32), (7, 30), (8, 2), (9, 2), (10, 4), (11, 1), (12, 3), (13, 2), (14, 1)]
[(23, 9), (24, 2), (25, 3), (27, 2), (28, 1), (29, 2)]
New offset 19
Reduce 30 -> 14 iterations 15 unknown 0
Reduce 30 -> 14 iterations 15 unknown 0
Reduce 29 -> 14 iterations 14 unknown 0
Reduce 28 -> 13 iterations 14 unknown 0
Reduce 27 -> 13 iterations 14 unknown 0
Reduce 26 -> 13 iterations 13 unknown 0
Reduce 25 -> 12 iterations 13 unknown 0
Reduce 24 -> 12 iterations 12 unknown 0
Reduce 23 -> 11 iterations 12 unknown 0
Reduce 22 -> 11 iterations 11 unknown 0
Reduce 21 -> 10 iterations 11 unknown 0
Reduce 20 -> 10 iterations 10 unknown 0
Reduce 19 -> 9 iterations 10 unknown 0
Reduce 18 -> 9 iterations 9 unknown 0
Reduce 17 -> 8 iterations 9 unknown 0
Reduce 16 -> 8 iterations 8 unknown 0
Reduce 15 -> 7 iterations 8 unknown 0
Reduce 14 -> 7 iterations 7 unknown 0
Reduce 13 -> 6 iterations 7 unknown 0
Reduce 12 -> 6 iterations 6 unknown 0
Reduce 11 -> 5 iterations 6 unknown 0
Reduce 10 -> 5 iterations 5 unknown 0
Reduce 9 -> 4 iterations 5 unknown 0
Reduce 8 -> 4 iterations 4 unknown 0
Reduce 7 -> 3 iterations 4 unknown 0
Reduce 6 -> 3 iterations 3 unknown 0
Reduce 5 -> 2 iterations 3 unknown 0
[0, 0, 0, 0, 0, 0, 0, 0, 0, 0, 0, 0, 0, 0, 0, 0, 0, 0, 0, 0, 0, 0, 0, 0, 0, 0, 0, 0, 0, 0]
improve 30 30
Reduce 9 -> 4 iterations 5 unknown 0
Reduce 8 -> 4 iterations 4 unknown 0
Reduce 7 -> 3 iterations 4 unknown 0
Reduce 6 -> 3 iterations 3 unknown 0
Reduce 5 -> 2 iterations 3 unknown 0
improve 30 30
Reduce 6 -> 3 iterations 3 unknown 0
Reduce 5 -> 2 iterations 3 unknown 0
22 30 [0, 0, 0, 0, 0, 0, 0, 0, 0, 0, 0, 0, 0, 0, 0, 1, 1, 1, 1, 1, 1, 1, 1, 0, 0, 0, 0, 0, 0, 0]
[0, 0, 0, 0, 0, 0, 0, 0, 0, 0, 0, 0, 0, 0, 0, 1, 1, 1, 1, 1, 1, 1, 1, 0, 0, 0, 0, 0, 0, 0]
improve 30 22
unknown
total number of cores 50
total number of correction sets 3
maxsat [ 0 ,  22 ] offset 0
[(1, 3), (2, 7), (3, 10), (4, 8), (5, 2), (6, 2), (7, 2), (8, 2), (9, 2), (10, 2), (11, 2), (12, 2), (13, 3), (14, 3)]
[(22, 1), (30, 2)]
New offset 7
Reduce 22 -> 7 iterations 7 unknown 0
Reduce 22 -> 7 iterations 7 unknown 0
Reduce 21 -> 6 iterations 7 unknown 0
Reduce 20 -> 6 iterations 6 unknown 0
Reduce 19 -> 9 iterations 10 unknown 0
Reduce 18 -> 9 iterations 9 unknown 0
Reduce 17 -> 8 iterations 9 unknown 0
Reduce 16 -> 8 iterations 8 unknown 0
Reduce 15 -> 7 iterations 8 unknown 0
Reduce 14 -> 7 iterations 7 unknown 0
Reduce 13 -> 6 iterations 7 unknown 0
Reduce 12 -> 3 iterations 4 unknown 0
Reduce 11 -> 3 iterations 3 unknown 0
Reduce 10 -> 2 iterations 3 unknown 0
Reduce 9 -> 1 iterations 3 unknown 0
Reduce 8 -> 1 iterations 3 unknown 0
Reduce 7 -> 3 iterations 4 unknown 0
Reduce 6 -> 1 iterations 2 unknown 0
Reduce 5 -> 1 iterations 2 unknown 0
[0, 0, 0, 0, 0, 0, 0, 0, 0, 1, 1, 1, 0, 1, 1, 0, 0, 0, 0, 0, 0, 0]
improve 22 17
Reduce 8 -> 4 iterations 4 unknown 0
Reduce 7 -> 2 iterations 4 unknown 0
Reduce 7 -> 2 iterations 4 unknown 0
Reduce 6 -> 3 iterations 3 unknown 0
Reduce 5 -> 2 iterations 3 unknown 0
15 unsat
21 22 [0, 0, 0, 0, 0, 0, 0, 0, 1, 1, 1, 1, 0, 1, 1, 0, 0, 0, 0, 0, 0, 0]
[0, 0, 0, 0, 0, 0, 0, 0, 1, 2, 2, 2, 0, 2, 2, 0, 0, 0, 0, 0, 0, 0]
improve 17 16
Reduce 7 -> 4 iterations 4 unknown 0
14 unsat
13 unsat
Reduce 7 -> 3 iterations 4 unknown 0
12 unsat
11 unsat
10 unsat
9 unsat
8 unsat
Reduce 7 -> 3 iterations 4 unknown 0
7 unsat
Reduce 7 -> 4 iterations 4 unknown 1
6 unsat
5 unsat
4 unsat
3 unsat
2 unsat
1 unsat
0 unsat
Reduce 7 -> 3 iterations 4 unknown 0
total number of cores 53
total number of correction sets 4
maxsat [ 0 ,  16 ] offset 0
[(1, 6), (2, 7), (3, 17), (4, 12), (6, 3), (7, 4), (8, 2), (9, 2)]
[(16, 1), (17, 1), (22, 2)]
New offset 9
Wrong files: 0x1E77fbE7bfe9b11c75b90A76f571dca0C6D70a9a_ePORC_block225 0x1f2cF791d940Bbb9fbe777271afa6ff9bBA8AbA0_ERC20_initial_block31 0x1d29Bafa88E83a6D8F757DbFAf8BAf7be8fE08Bf_LoveVote_block301 0x3E873439949793e8c577E08629c36Ed8c184e7D9_welfare_block36 0x1d29Bafa88E83a6D8F757DbFAf8BAf7be8fE08Bf_LoveVote_block179 0x0c9C2e9647f65118EffB3d87C6D025d95845E930_Rugpull_block486 0x1E77fbE7bfe9b11c75b90A76f571dca0C6D70a9a_ePORC_block80 0x1E77fbE7bfe9b11c75b90A76f571dca0C6D70a9a_ePORC_block 0x0c9C2e9647f65118EffB3d87C6D025d95845E930_ERC721_block124 0x3BfcE6D6F0d3D3f1326d86abdbe2845b4740Dc2E_MATICPAD_block137 0x1E77fbE7bfe9b11c75b90A76f571dca0C6D70a9a_ePORC_block 0x3BfcE6D6F0d3D3f1326d86abdbe2845b4740Dc2E_MATICPAD_block123.0 0x1d29Bafa88E83a6D8F757DbFAf8BAf7be8fE08Bf_LoveVote_block107 0x1E77fbE7bfe9b11c75b90A76f571dca0C6D70a9a_ePORC_block15 0x1d29Bafa88E83a6D8F757DbFAf8BAf7be8fE08Bf_LoveVote_block180 0x1E77fbE7bfe9b11c75b90A76f571dca0C6D70a9a_ePORC_block20 0x1f2cF791d940Bbb9fbe777271afa6ff9bBA8AbA0_ERC20_block76 0x1d29Bafa88E83a6D8F757DbFAf8BAf7be8fE08Bf_LoveVote_block178 0x3E873439949793e8c577E08629c36Ed8c184e7D9_welfare_block40 0x0c9C2e9647f65118EffB3d87C6D025d95845E930_ERC721_block219.1 0x1E77fbE7bfe9b11c75b90A76f571dca0C6D70a9a_ePORC_block230 0x1f2cF791d940Bbb9fbe777271afa6ff9bBA8AbA0_ERC20_initial_block10 0x1d29Bafa88E83a6D8F757DbFAf8BAf7be8fE08Bf_LoveVote_block11 0x1d29Bafa88E83a6D8F757DbFAf8BAf7be8fE08Bf_LoveVote_block16 0x1d29Bafa88E83a6D8F757DbFAf8BAf7be8fE08Bf_LoveVote_block166 0x3BfcE6D6F0d3D3f1326d86abdbe2845b4740Dc2E_MATICPAD_block138 0x3BfcE6D6F0d3D3f1326d86abdbe2845b4740Dc2E_MATICPAD_block85 0x1d29Bafa88E83a6D8F757DbFAf8BAf7be8fE08Bf_LoveVote_block177 0x1E77fbE7bfe9b11c75b90A76f571dca0C6D70a9a_ePORC_block75 0x3E873439949793e8c577E08629c36Ed8c184e7D9_welfare_block69 0x1d29Bafa88E83a6D8F757DbFAf8BAf7be8fE08Bf_LoveVote_block225 0x3BfcE6D6F0d3D3f1326d86abdbe2845b4740Dc2E_MATICPAD_block167 0x1E77fbE7bfe9b11c75b90A76f571dca0C6D70a9a_ePORC_block146 0x1d29Bafa88E83a6D8F757DbFAf8BAf7be8fE08Bf_LoveVote_block30 0x1E77fbE7bfe9b11c75b90A76f571dca0C6D70a9a_ePORC_block214 0x3BfcE6D6F0d3D3f1326d86abdbe2845b4740Dc2E_MATICPAD_block1 0x1d29Bafa88E83a6D8F757DbFAf8BAf7be8fE08Bf_LoveVote_initial_block3.1 0x3E873439949793e8c577E08629c36Ed8c184e7D9_welfare_block45.0 0x1E77fbE7bfe9b11c75b90A76f571dca0C6D70a9a_ePORC_block210 0x1d29Bafa88E83a6D8F757DbFAf8BAf7be8fE08Bf_LoveVote_block101 0x0c9C2e9647f65118EffB3d87C6D025d95845E930_Rugpull_block406.0 0x3BfcE6D6F0d3D3f1326d86abdbe2845b4740Dc2E_MATICPAD_block171.1 0x0c9C2e9647f65118EffB3d87C6D025d95845E930_ERC721_block57 0x1d29Bafa88E83a6D8F757DbFAf8BAf7be8fE08Bf_LoveVote_block240 0x0c9C2e9647f65118EffB3d87C6D025d95845E930_Rugpull_block465 0x0c9C2e9647f65118EffB3d87C6D025d95845E930_Rugpull_block328 0x1f2cF791d940Bbb9fbe777271afa6ff9bBA8AbA0_ERC20_initial_block11.0 0x1d29Bafa88E83a6D8F757DbFAf8BAf7be8fE08Bf_LoveVote_block120.0 0x1f2cF791d940Bbb9fbe777271afa6ff9bBA8AbA0_ERC20_block40 0x3E873439949793e8c577E08629c36Ed8c184e7D9_welfare_block65 0x0c9C2e9647f65118EffB3d87C6D025d95845E930_ERC721_block209 0x1d29Bafa88E83a6D8F757DbFAf8BAf7be8fE08Bf_LoveVote_block155 0x1E77fbE7bfe9b11c75b90A76f571dca0C6D70a9a_ePORC_block115.1 0x1E77fbE7bfe9b11c75b90A76f571dca0C6D70a9a_ePORC_block211 0x0c9C2e9647f65118EffB3d87C6D025d95845E930_ERC721_initial_block25 0x1E77fbE7bfe9b11c75b90A76f571dca0C6D70a9a_ePORC_block216
