Reduce 27 -> 13 iterations 14 unknown 0
Reduce 27 -> 13 iterations 14 unknown 0
Reduce 26 -> 13 iterations 13 unknown 0
Reduce 25 -> 12 iterations 13 unknown 0
Reduce 24 -> 12 iterations 12 unknown 0
Reduce 23 -> 11 iterations 12 unknown 0
Reduce 22 -> 11 iterations 11 unknown 0
Reduce 21 -> 10 iterations 11 unknown 0
Reduce 20 -> 10 iterations 10 unknown 0
Reduce 19 -> 9 iterations 10 unknown 0
Reduce 18 -> 9 iterations 9 unknown 0
Reduce 17 -> 8 iterations 9 unknown 0
Reduce 16 -> 8 iterations 8 unknown 0
Reduce 15 -> 7 iterations 8 unknown 0
Reduce 14 -> 7 iterations 7 unknown 0
Reduce 13 -> 6 iterations 7 unknown 0
Reduce 12 -> 6 iterations 6 unknown 0
Reduce 11 -> 5 iterations 6 unknown 0
Reduce 10 -> 5 iterations 5 unknown 0
Reduce 9 -> 4 iterations 5 unknown 0
Reduce 8 -> 4 iterations 4 unknown 0
Reduce 7 -> 3 iterations 4 unknown 0
Reduce 6 -> 3 iterations 3 unknown 0
Reduce 5 -> 3 iterations 3 unknown 1
[0, 0, 0, 0, 0, 0, 0, 0, 0, 0, 0, 0, 0, 0, 0, 0, 0, 0, 0, 0, 0, 0, 0, 0, 0, 0, 0]
improve 27 27
Reduce 6 -> 3 iterations 4 unknown 1
Reduce 5 -> 3 iterations 3 unknown 1
improve 27 27
21 27 [0, 0, 0, 0, 0, 0, 0, 0, 0, 0, 0, 0, 0, 0, 1, 1, 1, 1, 1, 1, 0, 0, 0, 0, 0, 0, 0]
[0, 0, 0, 0, 0, 0, 0, 0, 0, 0, 0, 0, 0, 0, 1, 1, 1, 1, 1, 1, 0, 0, 0, 0, 0, 0, 0]
improve 27 21
20 unsat
19 unsat
18 unsat
17 unsat
16 unsat
15 unsat
Reduce 7 -> 3 iterations 4 unknown 0
14 unsat
13 unsat
12 unsat
Reduce 7 -> 3 iterations 4 unknown 0
11 unsat
10 unsat
9 unsat
8 unsat
7 unsat
Reduce 7 -> 7 iterations 3 unknown 4
6 unsat
5 unsat
4 unsat
3 unsat
2 unsat
1 unsat
0 unsat
total number of cores 64
total number of correction sets 3
maxsat [ 0 ,  21 ] offset 0
[(1, 26), (2, 2), (3, 12), (4, 4), (5, 2), (6, 2), (7, 3), (8, 2), (9, 2), (10, 2), (11, 2), (12, 2), (13, 3)]
[(21, 1), (27, 2)]
New offset 19
Reduce 30 -> 10 iterations 11 unknown 0
Reduce 27 -> 10 iterations 11 unknown 0
Reduce 26 -> 10 iterations 10 unknown 0
Reduce 25 -> 12 iterations 13 unknown 0
Reduce 24 -> 12 iterations 12 unknown 0
Reduce 23 -> 9 iterations 10 unknown 0
Reduce 22 -> 9 iterations 9 unknown 0
Reduce 21 -> 8 iterations 9 unknown 0
Reduce 20 -> 8 iterations 8 unknown 0
Reduce 19 -> 7 iterations 8 unknown 0
Reduce 18 -> 7 iterations 7 unknown 0
Reduce 17 -> 6 iterations 7 unknown 0
Reduce 16 -> 6 iterations 6 unknown 0
Reduce 15 -> 5 iterations 6 unknown 0
Reduce 14 -> 7 iterations 7 unknown 0
Reduce 13 -> 6 iterations 7 unknown 0
Reduce 12 -> 5 iterations 6 unknown 0
Reduce 11 -> 5 iterations 6 unknown 0
Reduce 10 -> 5 iterations 5 unknown 0
Reduce 9 -> 4 iterations 4 unknown 0
Reduce 8 -> 3 iterations 4 unknown 0
Reduce 7 -> 3 iterations 3 unknown 0
Reduce 6 -> 2 iterations 3 unknown 0
Reduce 5 -> 2 iterations 3 unknown 0
[0, 0, 0, 0, 0, 0, 0, 0, 0, 0, 0, 0, 0, 1, 1, 1, 1, 1, 1, 1, 1, 1, 1, 0, 0, 0, 0, 0, 0, 0]
improve 30 20
Reduce 13 -> 5 iterations 6 unknown 0
Reduce 12 -> 5 iterations 5 unknown 0
Reduce 11 -> 4 iterations 5 unknown 0
Reduce 10 -> 4 iterations 4 unknown 0
Reduce 9 -> 3 iterations 4 unknown 0
Reduce 8 -> 3 iterations 3 unknown 0
Reduce 7 -> 3 iterations 4 unknown 0
Reduce 6 -> 3 iterations 3 unknown 0
Reduce 5 -> 2 iterations 3 unknown 0
26 sat
25 unsat
24 sat
23 unknown
22 unsat
21 unsat
20 unsat
19 unsat
18 unsat
17 unsat
16 unsat
15 sat
improve 20 20
14 sat
improve 20 20
13 unsat
12 unsat
11 unsat
10 sat
improve 20 20
9 unsat
8 unsat
7 unsat
6 sat
improve 20 20
5 unsat
4 unsat
3 sat
improve 20 20
2 unsat
1 unsat
0 unsat
Number undetermined 1
total number of cores 66
total number of correction sets 12
maxsat [ 0 ,  20 ] offset 0
[(1, 2), (2, 17), (3, 19), (4, 7), (5, 6), (6, 3), (7, 3), (8, 2), (9, 2), (10, 3), (12, 2)]
[(20, 6), (21, 1), (22, 2), (24, 1), (27, 2)]
New offset 6
Reduce 12 -> 6 iterations 6 unknown 0
Reduce 12 -> 6 iterations 6 unknown 0
Reduce 11 -> 5 iterations 6 unknown 0
Reduce 10 -> 4 iterations 4 unknown 0
Reduce 9 -> 3 iterations 4 unknown 0
Reduce 8 -> 3 iterations 3 unknown 0
Reduce 7 -> 3 iterations 3 unknown 0
Reduce 6 -> 2 iterations 3 unknown 0
Reduce 5 -> 2 iterations 2 unknown 0
[0, 0, 0, 0, 0, 0, 0, 0, 0, 0, 0, 0]
improve 12 12
improve 12 12
improve 12 12
11 unsat
10 unsat
9 unsat
8 unsat
7 unsat
6 unsat
5 unsat
4 unsat
3 unsat
2 unsat
1 unsat
0 unsat
total number of cores 32
total number of correction sets 3
maxsat [ 0 ,  12 ] offset 0
[(1, 19), (2, 4), (3, 4), (4, 2), (5, 1), (6, 2)]
[(12, 3)]
New offset 12
Reduce 17 -> 4 iterations 5 unknown 0
Reduce 12 -> 4 iterations 5 unknown 0
Reduce 11 -> 4 iterations 4 unknown 0
Reduce 10 -> 3 iterations 4 unknown 0
Reduce 9 -> 3 iterations 3 unknown 0
Reduce 8 -> 2 iterations 3 unknown 0
Reduce 7 -> 2 iterations 2 unknown 0
Reduce 6 -> 1 iterations 2 unknown 0
Reduce 5 -> 1 iterations 2 unknown 0
Reduce 5 -> 2 iterations 3 unknown 0
unknown
total number of cores 16
total number of correction sets 0
maxsat [ 0 ,  17 ] offset 0
[(1, 3), (2, 4), (3, 4), (4, 5)]
[]
New offset 4
Reduce 17 -> 4 iterations 5 unknown 0
Reduce 12 -> 4 iterations 5 unknown 0
Reduce 11 -> 4 iterations 4 unknown 0
Reduce 10 -> 3 iterations 4 unknown 0
Reduce 9 -> 3 iterations 4 unknown 0
Reduce 8 -> 3 iterations 3 unknown 0
Reduce 7 -> 3 iterations 3 unknown 0
Reduce 6 -> 2 iterations 2 unknown 0
Reduce 5 -> 2 iterations 2 unknown 0
Reduce 5 -> 2 iterations 3 unknown 0
[0, 0, 0, 0, 0, 1, 1, 1, 1, 0, 0, 0, 0, 0, 0, 0, 0]
improve 17 13
13 unsat
12 unsat
11 unsat
10 unsat
9 unsat
8 unsat
7 unsat
6 unsat
5 unsat
4 unsat
3 unsat
2 sat
improve 13 13
1 unsat
0 unsat
total number of cores 33
total number of correction sets 4
maxsat [ 0 ,  13 ] offset 0
[(1, 16), (2, 4), (3, 6), (4, 7)]
[(13, 2), (14, 2)]
New offset 13
Reduce 22 -> 6 iterations 6 unknown 0
Reduce 12 -> 6 iterations 6 unknown 0
Reduce 11 -> 5 iterations 6 unknown 0
Reduce 10 -> 5 iterations 5 unknown 0
Reduce 9 -> 4 iterations 5 unknown 0
Reduce 8 -> 1 iterations 1 unknown 0
Reduce 7 -> 1 iterations 1 unknown 0
Reduce 6 -> 1 iterations 1 unknown 0
Reduce 5 -> 1 iterations 1 unknown 0
Reduce 9 -> 4 iterations 5 unknown 0
Reduce 8 -> 4 iterations 4 unknown 0
Reduce 8 -> 4 iterations 4 unknown 0
Reduce 7 -> 3 iterations 4 unknown 0
Reduce 6 -> 3 iterations 4 unknown 1
Reduce 5 -> 2 iterations 3 unknown 0
[0, 0, 0, 0, 0, 0, 0, 0, 0, 0, 0, 0, 0, 0, 1, 0, 0, 0, 0, 0, 0, 0]
improve 22 21
unknown
total number of cores 29
total number of correction sets 1
maxsat [ 0 ,  21 ] offset 0
[(1, 11), (2, 4), (3, 4), (4, 6), (5, 2), (6, 2)]
[(21, 1)]
New offset 12
Reduce 22 -> 6 iterations 6 unknown 0
Reduce 12 -> 6 iterations 6 unknown 0
Reduce 11 -> 5 iterations 6 unknown 0
Reduce 10 -> 5 iterations 5 unknown 0
Reduce 9 -> 4 iterations 5 unknown 0
Reduce 8 -> 1 iterations 2 unknown 0
Reduce 7 -> 1 iterations 2 unknown 0
Reduce 6 -> 1 iterations 2 unknown 0
Reduce 5 -> 1 iterations 1 unknown 0
Reduce 9 -> 4 iterations 5 unknown 0
Reduce 8 -> 4 iterations 4 unknown 0
Reduce 7 -> 3 iterations 4 unknown 0
Reduce 6 -> 3 iterations 3 unknown 0
Reduce 5 -> 2 iterations 3 unknown 0
[0, 0, 0, 0, 0, 0, 0, 0, 0, 0, 0, 0, 0, 0, 1, 0, 0, 0, 0, 0, 0, 0]
improve 22 21
unknown
total number of cores 32
total number of correction sets 2
maxsat [ 0 ,  21 ] offset 0
[(1, 10), (2, 7), (3, 5), (4, 6), (5, 2), (6, 2)]
[(21, 1), (22, 1)]
New offset 13
Reduce 17 -> 6 iterations 6 unknown 0
Reduce 12 -> 6 iterations 6 unknown 0
Reduce 11 -> 5 iterations 6 unknown 0
Reduce 10 -> 5 iterations 5 unknown 0
Reduce 9 -> 4 iterations 5 unknown 0
Reduce 8 -> 4 iterations 4 unknown 0
Reduce 7 -> 3 iterations 4 unknown 0
Reduce 6 -> 3 iterations 3 unknown 0
Reduce 5 -> 2 iterations 3 unknown 0
Reduce 5 -> 2 iterations 3 unknown 0
unknown
total number of cores 18
total number of correction sets 0
maxsat [ 0 ,  17 ] offset 0
[(1, 2), (2, 4), (3, 4), (4, 4), (5, 2), (6, 2)]
[]
New offset 3
Reduce 31 -> 6 iterations 6 unknown 0
Reduce 12 -> 6 iterations 6 unknown 0
Reduce 11 -> 5 iterations 6 unknown 0
Reduce 10 -> 5 iterations 5 unknown 0
Reduce 9 -> 1 iterations 2 unknown 0
Reduce 8 -> 1 iterations 1 unknown 0
Reduce 7 -> 1 iterations 1 unknown 0
Reduce 6 -> 1 iterations 1 unknown 0
Reduce 5 -> 1 iterations 1 unknown 0
Reduce 17 -> 9 iterations 9 unknown 1
Reduce 16 -> 8 iterations 9 unknown 1
Reduce 15 -> 7 iterations 8 unknown 0
Reduce 14 -> 7 iterations 7 unknown 0
Reduce 13 -> 6 iterations 7 unknown 0
Reduce 12 -> 6 iterations 6 unknown 0
Reduce 11 -> 5 iterations 6 unknown 0
Reduce 11 -> 6 iterations 6 unknown 1
Reduce 9 -> 4 iterations 5 unknown 0
Reduce 8 -> 4 iterations 4 unknown 0
Reduce 7 -> 3 iterations 4 unknown 0
Reduce 6 -> 3 iterations 3 unknown 0
Reduce 5 -> 2 iterations 3 unknown 0
Reduce 6 -> 5 iterations 4 unknown 4
Reduce 5 -> 3 iterations 3 unknown 1
unknown
total number of cores 32
total number of correction sets 0
maxsat [ 0 ,  31 ] offset 0
[(1, 8), (2, 2), (3, 5), (4, 4), (5, 4), (6, 5), (7, 2), (8, 1), (9, 1)]
[]
New offset 10
Reduce 30 -> 6 iterations 6 unknown 0
Reduce 12 -> 6 iterations 6 unknown 0
Reduce 11 -> 5 iterations 6 unknown 0
Reduce 10 -> 5 iterations 5 unknown 0
Reduce 9 -> 4 iterations 5 unknown 0
Reduce 8 -> 2 iterations 2 unknown 0
Reduce 7 -> 2 iterations 2 unknown 0
Reduce 6 -> 1 iterations 2 unknown 0
Reduce 5 -> 1 iterations 2 unknown 0
Reduce 18 -> 9 iterations 9 unknown 0
Reduce 17 -> 8 iterations 9 unknown 0
Reduce 16 -> 8 iterations 8 unknown 0
Reduce 15 -> 7 iterations 8 unknown 0
Reduce 14 -> 7 iterations 7 unknown 0
Reduce 13 -> 6 iterations 7 unknown 0
Reduce 12 -> 6 iterations 6 unknown 0
Reduce 11 -> 5 iterations 6 unknown 0
Reduce 10 -> 5 iterations 5 unknown 0
Reduce 9 -> 5 iterations 5 unknown 1
Reduce 8 -> 4 iterations 5 unknown 1
Reduce 7 -> 4 iterations 4 unknown 1
Reduce 6 -> 3 iterations 4 unknown 1
Reduce 5 -> 2 iterations 3 unknown 0
[0, 0, 0, 0, 0, 0, 0, 0, 0, 0, 0, 0, 0, 0, 0, 0, 0, 0, 0, 0, 0, 0, 0, 0, 0, 0, 0, 0, 0, 0]
improve 30 30
Reduce 11 -> 6 iterations 6 unknown 1
Reduce 10 -> 5 iterations 6 unknown 1
Reduce 9 -> 4 iterations 5 unknown 0
Reduce 8 -> 4 iterations 4 unknown 0
Reduce 7 -> 4 iterations 4 unknown 1
Reduce 6 -> 3 iterations 4 unknown 1
Reduce 5 -> 3 iterations 3 unknown 1
improve 30 30
26 30 [0, 0, 0, 0, 0, 0, 0, 0, 0, 0, 0, 0, 0, 0, 0, 0, 0, 0, 0, 1, 1, 1, 1, 0, 0, 0, 0, 0, 0, 0]
[0, 0, 0, 0, 0, 0, 0, 0, 0, 0, 0, 0, 0, 0, 0, 0, 0, 0, 0, 1, 1, 1, 1, 0, 0, 0, 0, 0, 0, 0]
improve 30 26
25 sat
29 30 [0, 0, 0, 0, 0, 0, 0, 0, 0, 0, 0, 0, 0, 0, 0, 0, 0, 0, 1, 1, 1, 1, 1, 0, 0, 0, 0, 0, 0, 0]
[0, 0, 0, 0, 0, 0, 0, 0, 0, 0, 0, 0, 0, 0, 0, 0, 0, 0, 1, 2, 2, 2, 2, 0, 0, 0, 0, 0, 0, 0]
improve 26 25
rotate max-count 0 num occurrences 5
Number of plateaus 5
24 unsat
23 unsat
22 unsat
21 unsat
20 unsat
19 unsat
18 unsat
Reduce 6 -> 3 iterations 4 unknown 1
17 unsat
16 unsat
15 unsat
Reduce 6 -> 6 iterations 3 unknown 4
14 unsat
13 unsat
12 unsat
11 sat
28 30 [0, 0, 0, 0, 0, 0, 0, 0, 0, 0, 0, 0, 0, 0, 0, 0, 1, 1, 1, 1, 1, 1, 1, 0, 0, 0, 0, 0, 0, 0]
[0, 0, 0, 0, 0, 0, 0, 0, 0, 0, 0, 0, 0, 0, 0, 0, 1, 1, 2, 3, 3, 3, 3, 0, 0, 0, 0, 0, 0, 0]
improve 25 23
rotate max-count 2 num occurrences 2
Number of plateaus 4
try-rotate 2
improve 23 23
improve 23 23
rotate-1 done, sat 2 unsat 23
try-rotate 2
improve 23 23
improve 23 23
rotate-1 done, sat 2 unsat 23
10 unsat
9 unsat
8 unsat
7 unsat
Reduce 7 -> 3 iterations 4 unknown 0
6 unsat
5 unsat
4 sat
improve 23 23
3 unsat
2 unsat
1 unsat
0 unsat
total number of cores 118
total number of correction sets 10
maxsat [ 0 ,  23 ] offset 0
[(1, 69), (2, 6), (3, 9), (4, 9), (5, 6), (6, 13), (7, 2), (8, 3), (9, 1)]
[(23, 6), (25, 1), (26, 1), (30, 2)]
New offset 21
Reduce 22 -> 6 iterations 6 unknown 0
Reduce 12 -> 6 iterations 6 unknown 0
Reduce 11 -> 5 iterations 6 unknown 0
Reduce 10 -> 5 iterations 5 unknown 0
Reduce 9 -> 4 iterations 5 unknown 0
Reduce 8 -> 1 iterations 1 unknown 0
Reduce 7 -> 1 iterations 2 unknown 0
Reduce 6 -> 1 iterations 1 unknown 0
Reduce 5 -> 2 iterations 3 unknown 0
Reduce 9 -> 5 iterations 5 unknown 1
Reduce 8 -> 4 iterations 5 unknown 1
Reduce 7 -> 3 iterations 4 unknown 0
Reduce 6 -> 3 iterations 3 unknown 0
Reduce 6 -> 3 iterations 4 unknown 1
[0, 0, 0, 0, 0, 0, 0, 0, 0, 0, 0, 0, 0, 0, 0, 0, 0, 0, 0, 0, 0, 0]
improve 22 22
improve 22 22
21 unsat
20 unsat
19 unsat
18 unsat
17 unsat
16 unsat
15 unsat
14 unsat
13 unsat
12 unknown
11 unsat
10 unsat
9 unsat
8 unsat
7 unsat
6 unsat
5 unsat
4 unsat
3 unsat
2 unsat
1 sat
21 22 [0, 0, 0, 0, 0, 0, 0, 0, 0, 0, 0, 0, 0, 0, 1, 0, 0, 0, 0, 0, 0, 0]
[0, 0, 0, 0, 0, 0, 0, 0, 0, 0, 0, 0, 0, 0, 1, 0, 0, 0, 0, 0, 0, 0]
improve 22 21
rotate max-count 0 num occurrences 1
Number of plateaus 1
0 unsat
Number undetermined 1
total number of cores 50
total number of correction sets 3
maxsat [ 0 ,  21 ] offset 0
[(1, 33), (2, 3), (3, 5), (4, 4), (5, 3), (6, 2)]
[(21, 1), (22, 2)]
New offset 20
Reduce 35 -> 6 iterations 6 unknown 0
Reduce 12 -> 6 iterations 6 unknown 0
Reduce 11 -> 3 iterations 3 unknown 0
Reduce 10 -> 3 iterations 3 unknown 0
Reduce 9 -> 2 iterations 3 unknown 0
Reduce 8 -> 2 iterations 2 unknown 0
Reduce 7 -> 1 iterations 2 unknown 0
Reduce 6 -> 1 iterations 2 unknown 0
Reduce 5 -> 1 iterations 2 unknown 0
Reduce 23 -> 12 iterations 12 unknown 1
Reduce 22 -> 11 iterations 12 unknown 1
Reduce 21 -> 10 iterations 11 unknown 0
Reduce 20 -> 10 iterations 10 unknown 0
Reduce 19 -> 10 iterations 10 unknown 1
Reduce 18 -> 9 iterations 9 unknown 0
Reduce 17 -> 8 iterations 9 unknown 0
Reduce 16 -> 8 iterations 8 unknown 0
Reduce 15 -> 8 iterations 8 unknown 1
Reduce 14 -> 7 iterations 7 unknown 0
Reduce 13 -> 6 iterations 7 unknown 0
Reduce 12 -> 6 iterations 6 unknown 0
Reduce 11 -> 6 iterations 6 unknown 1
Reduce 10 -> 5 iterations 5 unknown 0
Reduce 9 -> 5 iterations 5 unknown 1
Reduce 8 -> 4 iterations 4 unknown 0
Reduce 7 -> 3 iterations 4 unknown 0
unknown
total number of cores 30
total number of correction sets 0
maxsat [ 0 ,  35 ] offset 0
[(1, 4), (2, 3), (3, 4), (4, 2), (5, 2), (6, 5), (7, 1), (8, 3), (9, 1), (10, 3), (11, 1), (12, 1)]
[]
New offset 6
Reduce 35 -> 3 iterations 4 unknown 0
Reduce 12 -> 3 iterations 4 unknown 0
Reduce 11 -> 3 iterations 4 unknown 0
Reduce 10 -> 3 iterations 3 unknown 0
Reduce 9 -> 2 iterations 3 unknown 0
Reduce 8 -> 2 iterations 3 unknown 0
Reduce 7 -> 2 iterations 2 unknown 0
Reduce 6 -> 1 iterations 2 unknown 0
Reduce 5 -> 1 iterations 2 unknown 0
Reduce 23 -> 12 iterations 12 unknown 1
Reduce 22 -> 11 iterations 11 unknown 0
Reduce 21 -> 10 iterations 11 unknown 0
Reduce 20 -> 10 iterations 10 unknown 0
Reduce 19 -> 9 iterations 10 unknown 0
Reduce 18 -> 9 iterations 9 unknown 0
Reduce 17 -> 8 iterations 9 unknown 0
Reduce 16 -> 8 iterations 8 unknown 0
Reduce 15 -> 7 iterations 8 unknown 0
Reduce 14 -> 7 iterations 7 unknown 0
Reduce 13 -> 6 iterations 7 unknown 0
Reduce 12 -> 6 iterations 6 unknown 0
Reduce 11 -> 5 iterations 6 unknown 0
Reduce 10 -> 5 iterations 5 unknown 0
Reduce 9 -> 4 iterations 5 unknown 0
Reduce 8 -> 4 iterations 5 unknown 1
Reduce 7 -> 4 iterations 4 unknown 1
Reduce 6 -> 3 iterations 3 unknown 0
Reduce 5 -> 3 iterations 3 unknown 1
[0, 0, 0, 0, 0, 0, 0, 0, 0, 0, 0, 0, 0, 0, 0, 0, 0, 0, 0, 0, 0, 0, 0, 0, 0, 0, 1, 1, 1, 0, 0, 0, 0, 0, 0]
improve 35 32
Reduce 8 -> 4 iterations 4 unknown 0
Reduce 7 -> 3 iterations 4 unknown 0
Reduce 6 -> 3 iterations 3 unknown 0
Reduce 5 -> 2 iterations 3 unknown 0
31 35 [0, 0, 0, 0, 0, 0, 0, 0, 0, 0, 0, 0, 0, 0, 0, 0, 0, 0, 0, 0, 0, 1, 1, 0, 1, 1, 1, 1, 1, 0, 0, 0, 0, 0, 0]
[0, 0, 0, 0, 0, 0, 0, 0, 0, 0, 0, 0, 0, 0, 0, 0, 0, 0, 0, 0, 0, 1, 1, 0, 1, 1, 2, 2, 2, 0, 0, 0, 0, 0, 0]
improve 32 28
34 unsat
33 unsat
32 unsat
31 unsat
30 sat
29 unsat
28 unsat
27 sat
34 35 [0, 0, 0, 0, 0, 0, 0, 0, 0, 0, 0, 0, 0, 0, 0, 0, 0, 0, 0, 0, 1, 1, 1, 0, 1, 1, 1, 1, 1, 0, 0, 0, 0, 0, 0]
[0, 0, 0, 0, 0, 0, 0, 0, 0, 0, 0, 0, 0, 0, 0, 0, 0, 0, 0, 0, 1, 2, 2, 0, 2, 2, 3, 3, 3, 0, 0, 0, 0, 0, 0]
improve 28 27
rotate max-count 1 num occurrences 1
Number of plateaus 2
26 unsat
25 sat
improve 27 27
24 unsat
23 unsat
22 unsat
21 unsat
20 sat
improve 27 27
19 sat
33 35 [0, 0, 0, 0, 0, 0, 0, 0, 0, 0, 0, 0, 0, 0, 0, 0, 0, 0, 1, 1, 1, 1, 1, 0, 1, 1, 1, 1, 1, 0, 0, 0, 0, 0, 0]
[0, 0, 0, 0, 0, 0, 0, 0, 0, 0, 0, 0, 0, 0, 0, 0, 0, 0, 1, 1, 2, 3, 3, 0, 3, 3, 4, 4, 4, 0, 0, 0, 0, 0, 0]
improve 27 25
rotate max-count 1 num occurrences 1
Number of plateaus 5
18 unsat
17 unsat
16 unsat
15 unsat
14 sat
improve 25 25
13 unsat
12 unsat
11 unsat
10 sat
improve 25 25
9 unsat
8 sat
improve 25 25
7 sat
improve 25 25
6 unsat
5 unsat
4 unsat
3 unsat
2 sat
improve 25 25
1 unsat
0 unsat
total number of cores 76
total number of correction sets 15
maxsat [ 0 ,  25 ] offset 0
[(1, 30), (2, 13), (3, 12), (4, 7), (5, 2), (6, 2), (7, 2), (8, 2), (9, 2), (10, 2), (11, 1), (12, 1)]
[(25, 6), (27, 3), (28, 1), (32, 2), (35, 3)]
New offset 23
Reduce 22 -> 6 iterations 6 unknown 0
Reduce 12 -> 6 iterations 6 unknown 0
Reduce 11 -> 5 iterations 6 unknown 0
Reduce 10 -> 5 iterations 5 unknown 0
Reduce 9 -> 4 iterations 5 unknown 0
Reduce 8 -> 1 iterations 2 unknown 0
Reduce 7 -> 1 iterations 2 unknown 0
Reduce 6 -> 1 iterations 2 unknown 0
Reduce 5 -> 1 iterations 1 unknown 0
Reduce 9 -> 5 iterations 5 unknown 1
Reduce 8 -> 4 iterations 4 unknown 0
Reduce 7 -> 3 iterations 4 unknown 0
Reduce 6 -> 3 iterations 3 unknown 0
Reduce 5 -> 2 iterations 3 unknown 0
[0, 0, 0, 0, 0, 0, 0, 0, 0, 0, 0, 0, 0, 0, 0, 0, 0, 0, 0, 0, 0, 0]
improve 22 22
unknown
total number of cores 29
total number of correction sets 1
maxsat [ 0 ,  22 ] offset 0
[(1, 12), (2, 3), (3, 5), (4, 4), (5, 3), (6, 2)]
[(22, 1)]
New offset 13
Reduce 17 -> 3 iterations 4 unknown 0
Reduce 12 -> 3 iterations 4 unknown 0
Reduce 11 -> 3 iterations 4 unknown 0
Reduce 10 -> 3 iterations 4 unknown 0
Reduce 9 -> 3 iterations 3 unknown 0
Reduce 8 -> 2 iterations 3 unknown 0
Reduce 7 -> 2 iterations 3 unknown 0
Reduce 6 -> 2 iterations 2 unknown 0
Reduce 5 -> 2 iterations 2 unknown 0
Reduce 5 -> 2 iterations 3 unknown 0
unknown
total number of cores 14
total number of correction sets 0
maxsat [ 0 ,  17 ] offset 0
[(1, 1), (2, 6), (3, 6), (4, 1)]
[]
New offset 4
Reduce 23 -> 6 iterations 6 unknown 0
Reduce 12 -> 6 iterations 6 unknown 0
Reduce 11 -> 5 iterations 6 unknown 0
Reduce 10 -> 5 iterations 5 unknown 0
Reduce 9 -> 4 iterations 5 unknown 0
Reduce 8 -> 3 iterations 3 unknown 0
Reduce 7 -> 1 iterations 1 unknown 0
Reduce 6 -> 2 iterations 3 unknown 0
Reduce 5 -> 1 iterations 1 unknown 0
Reduce 11 -> 5 iterations 6 unknown 0
Reduce 10 -> 5 iterations 5 unknown 0
Reduce 9 -> 4 iterations 5 unknown 0
Reduce 8 -> 4 iterations 4 unknown 0
Reduce 7 -> 3 iterations 4 unknown 0
Reduce 6 -> 3 iterations 3 unknown 0
Reduce 5 -> 3 iterations 3 unknown 1
unknown
total number of cores 23
total number of correction sets 0
maxsat [ 0 ,  23 ] offset 0
[(1, 3), (2, 3), (3, 6), (4, 5), (5, 4), (6, 2)]
[]
New offset 5
Reduce 31 -> 6 iterations 6 unknown 0
Reduce 12 -> 6 iterations 6 unknown 0
Reduce 11 -> 5 iterations 6 unknown 0
Reduce 10 -> 5 iterations 5 unknown 0
Reduce 9 -> 4 iterations 5 unknown 0
Reduce 8 -> 4 iterations 4 unknown 0
Reduce 7 -> 3 iterations 4 unknown 0
Reduce 6 -> 3 iterations 3 unknown 0
Reduce 5 -> 2 iterations 3 unknown 0
Reduce 17 -> 9 iterations 9 unknown 1
Reduce 16 -> 8 iterations 9 unknown 1
Reduce 15 -> 8 iterations 8 unknown 1
Reduce 14 -> 7 iterations 8 unknown 1
Reduce 13 -> 7 iterations 7 unknown 1
Reduce 12 -> 6 iterations 6 unknown 0
Reduce 11 -> 5 iterations 6 unknown 0
Reduce 10 -> 5 iterations 5 unknown 0
Reduce 10 -> 5 iterations 6 unknown 1
Reduce 10 -> 5 iterations 5 unknown 0
Reduce 9 -> 5 iterations 5 unknown 1
Reduce 8 -> 4 iterations 5 unknown 1
Reduce 7 -> 4 iterations 4 unknown 1
Reduce 6 -> 3 iterations 4 unknown 1
Reduce 5 -> 2 iterations 3 unknown 0
[0, 0, 0, 0, 0, 0, 0, 0, 0, 0, 0, 0, 0, 0, 0, 0, 0, 0, 0, 0, 0, 0, 0, 0, 0, 0, 0, 0, 0, 0, 0]
improve 31 31
unknown
total number of cores 45
total number of correction sets 1
maxsat [ 0 ,  31 ] offset 0
[(1, 13), (2, 4), (3, 6), (4, 7), (5, 7), (6, 3), (7, 2), (8, 2), (9, 1)]
[(31, 1)]
New offset 13
Reduce 17 -> 6 iterations 6 unknown 0
Reduce 12 -> 6 iterations 6 unknown 0
Reduce 11 -> 5 iterations 6 unknown 0
Reduce 10 -> 5 iterations 5 unknown 0
Reduce 9 -> 4 iterations 5 unknown 0
Reduce 8 -> 4 iterations 4 unknown 0
Reduce 7 -> 3 iterations 4 unknown 0
Reduce 6 -> 3 iterations 3 unknown 0
Reduce 5 -> 2 iterations 3 unknown 0
Reduce 5 -> 2 iterations 3 unknown 0
unknown
total number of cores 14
total number of correction sets 0
maxsat [ 0 ,  17 ] offset 0
[(1, 1), (2, 3), (3, 3), (4, 3), (5, 2), (6, 2)]
[]
New offset 3
Reduce 17 -> 6 iterations 6 unknown 0
Reduce 12 -> 6 iterations 6 unknown 0
Reduce 11 -> 5 iterations 6 unknown 0
Reduce 10 -> 5 iterations 5 unknown 0
Reduce 9 -> 4 iterations 5 unknown 0
Reduce 8 -> 4 iterations 4 unknown 0
Reduce 7 -> 3 iterations 4 unknown 0
Reduce 6 -> 3 iterations 3 unknown 0
Reduce 5 -> 2 iterations 3 unknown 0
Reduce 5 -> 2 iterations 3 unknown 0
[0, 0, 0, 0, 0, 0, 0, 0, 0, 0, 0, 0, 0, 0, 0, 0, 0]
improve 17 17
improve 17 17
16 unsat
15 unsat
14 unsat
13 unsat
12 unsat
11 unsat
10 unsat
9 unsat
8 unsat
7 unsat
6 unsat
5 unsat
4 unsat
3 sat
16 17 [0, 0, 0, 0, 0, 0, 0, 0, 1, 0, 0, 0, 0, 0, 0, 0, 0]
[0, 0, 0, 0, 0, 0, 0, 0, 1, 0, 0, 0, 0, 0, 0, 0, 0]
improve 17 16
rotate max-count 0 num occurrences 1
Number of plateaus 1
2 unsat
1 unsat
0 unsat
total number of cores 38
total number of correction sets 3
maxsat [ 0 ,  16 ] offset 0
[(1, 22), (2, 4), (3, 4), (4, 4), (5, 2), (6, 2)]
[(16, 1), (17, 2)]
New offset 16
Reduce 27 -> 4 iterations 4 unknown 0
Reduce 12 -> 4 iterations 4 unknown 0
Reduce 11 -> 4 iterations 4 unknown 0
Reduce 10 -> 3 iterations 4 unknown 0
Reduce 9 -> 3 iterations 4 unknown 0
Reduce 8 -> 3 iterations 4 unknown 0
Reduce 7 -> 3 iterations 3 unknown 0
Reduce 6 -> 2 iterations 3 unknown 0
Reduce 5 -> 2 iterations 2 unknown 0
Reduce 15 -> 7 iterations 8 unknown 0
Reduce 14 -> 7 iterations 7 unknown 0
Reduce 13 -> 6 iterations 7 unknown 0
Reduce 12 -> 6 iterations 6 unknown 0
Reduce 11 -> 5 iterations 6 unknown 0
Reduce 10 -> 5 iterations 5 unknown 0
Reduce 9 -> 4 iterations 5 unknown 0
Reduce 8 -> 4 iterations 4 unknown 0
Reduce 7 -> 3 iterations 4 unknown 0
Reduce 6 -> 3 iterations 3 unknown 0
Reduce 5 -> 2 iterations 3 unknown 0
[0, 0, 0, 0, 0, 0, 0, 0, 0, 0, 0, 0, 0, 0, 0, 0, 0, 0, 0, 0, 0, 0, 0, 0, 0, 0, 0]
improve 27 27
Reduce 6 -> 3 iterations 3 unknown 0
Reduce 5 -> 3 iterations 3 unknown 1
22 27 [0, 0, 0, 0, 0, 0, 0, 0, 0, 0, 0, 0, 0, 0, 0, 1, 1, 1, 1, 1, 0, 0, 0, 0, 0, 0, 0]
[0, 0, 0, 0, 0, 0, 0, 0, 0, 0, 0, 0, 0, 0, 0, 1, 1, 1, 1, 1, 0, 0, 0, 0, 0, 0, 0]
improve 27 22
26 unsat
25 sat
improve 22 22
24 unsat
23 sat
improve 22 22
22 unsat
21 unsat
20 sat
24 27 [0, 0, 0, 0, 0, 0, 0, 0, 0, 0, 0, 1, 0, 1, 1, 1, 1, 1, 1, 1, 0, 0, 0, 0, 0, 0, 0]
[0, 0, 0, 0, 0, 0, 0, 0, 0, 0, 0, 1, 0, 1, 1, 2, 2, 2, 2, 2, 0, 0, 0, 0, 0, 0, 0]
improve 22 19
rotate max-count 0 num occurrences 3
Number of plateaus 3
19 unsat
18 unsat
17 sat
improve 19 19
16 sat
improve 19 19
15 unsat
Reduce 6 -> 3 iterations 4 unknown 1
14 unsat
13 sat
improve 19 19
12 sat
improve 19 19
11 unsat
10 unsat
9 unsat
8 unsat
7 unsat
6 unsat
5 unsat
4 unsat
Reduce 8 -> 8 iterations 3 unknown 4
3 unsat
2 unsat
1 sat
improve 19 19
0 unsat
total number of cores 59
total number of correction sets 13
maxsat [ 0 ,  19 ] offset 0
[(1, 19), (2, 8), (3, 17), (4, 8), (5, 2), (6, 2), (7, 2), (8, 1)]
[(19, 6), (22, 3), (25, 1), (27, 3)]
New offset 17
Reduce 38 -> 6 iterations 6 unknown 0
Reduce 12 -> 6 iterations 6 unknown 0
Reduce 11 -> 5 iterations 6 unknown 0
Reduce 10 -> 5 iterations 5 unknown 0
Reduce 9 -> 2 iterations 3 unknown 0
Reduce 8 -> 2 iterations 3 unknown 0
Reduce 7 -> 2 iterations 3 unknown 0
Reduce 6 -> 2 iterations 2 unknown 0
Reduce 5 -> 1 iterations 2 unknown 0
Reduce 26 -> 13 iterations 13 unknown 0
Reduce 25 -> 12 iterations 13 unknown 0
Reduce 24 -> 12 iterations 12 unknown 0
Reduce 23 -> 11 iterations 12 unknown 0
Reduce 22 -> 11 iterations 12 unknown 1
Reduce 21 -> 11 iterations 11 unknown 1
Reduce 20 -> 10 iterations 10 unknown 0
Reduce 19 -> 9 iterations 10 unknown 0
Reduce 18 -> 9 iterations 9 unknown 0
Reduce 17 -> 8 iterations 9 unknown 0
Reduce 16 -> 8 iterations 8 unknown 0
Reduce 15 -> 7 iterations 8 unknown 0
Reduce 14 -> 7 iterations 7 unknown 0
Reduce 13 -> 6 iterations 7 unknown 0
Reduce 12 -> 6 iterations 6 unknown 0
Reduce 11 -> 5 iterations 6 unknown 0
Reduce 10 -> 5 iterations 5 unknown 0
Reduce 9 -> 4 iterations 5 unknown 0
Reduce 8 -> 4 iterations 4 unknown 0
Reduce 7 -> 3 iterations 4 unknown 0
Reduce 6 -> 3 iterations 3 unknown 0
Reduce 5 -> 2 iterations 3 unknown 0
unknown
total number of cores 39
total number of correction sets 0
maxsat [ 0 ,  38 ] offset 0
[(1, 3), (2, 7), (3, 4), (4, 4), (5, 4), (6, 4), (7, 2), (8, 2), (9, 2), (10, 1), (11, 3), (12, 2), (13, 1)]
[]
New offset 4
Reduce 29 -> 6 iterations 6 unknown 0
Reduce 12 -> 6 iterations 6 unknown 0
Reduce 11 -> 5 iterations 6 unknown 0
Reduce 10 -> 5 iterations 5 unknown 0
Reduce 9 -> 2 iterations 3 unknown 0
Reduce 8 -> 2 iterations 2 unknown 0
Reduce 7 -> 2 iterations 2 unknown 0
Reduce 6 -> 1 iterations 2 unknown 0
Reduce 5 -> 1 iterations 2 unknown 0
Reduce 17 -> 8 iterations 9 unknown 0
Reduce 16 -> 8 iterations 8 unknown 0
Reduce 15 -> 7 iterations 8 unknown 0
Reduce 14 -> 7 iterations 7 unknown 0
Reduce 13 -> 6 iterations 7 unknown 0
Reduce 12 -> 6 iterations 6 unknown 0
Reduce 11 -> 5 iterations 6 unknown 0
Reduce 10 -> 5 iterations 5 unknown 0
Reduce 9 -> 4 iterations 5 unknown 0
Reduce 8 -> 4 iterations 5 unknown 1
Reduce 7 -> 4 iterations 4 unknown 1
Reduce 6 -> 3 iterations 4 unknown 1
Reduce 5 -> 2 iterations 3 unknown 0
[0, 0, 0, 0, 0, 0, 0, 0, 0, 0, 0, 0, 0, 0, 0, 0, 0, 0, 0, 0, 0, 1, 0, 0, 0, 0, 0, 0, 0]
improve 29 28
Reduce 6 -> 3 iterations 4 unknown 1
Reduce 5 -> 2 iterations 3 unknown 0
28 unsat
27 unsat
26 unsat
25 unsat
24 sat
27 29 [0, 0, 0, 0, 0, 0, 0, 0, 0, 0, 0, 0, 0, 0, 0, 0, 0, 0, 0, 1, 1, 1, 0, 0, 0, 0, 0, 0, 0]
[0, 0, 0, 0, 0, 0, 0, 0, 0, 0, 0, 0, 0, 0, 0, 0, 0, 0, 0, 1, 1, 2, 0, 0, 0, 0, 0, 0, 0]
improve 28 26
rotate max-count 0 num occurrences 1
Number of plateaus 1
23 unsat
22 unsat
21 unsat
20 unsat
19 unsat
18 sat
improve 26 26
17 unsat
16 unsat
15 sat
28 29 [0, 0, 0, 0, 0, 0, 0, 0, 0, 0, 0, 0, 0, 0, 0, 0, 0, 0, 1, 1, 1, 1, 0, 0, 0, 0, 0, 0, 0]
[0, 0, 0, 0, 0, 0, 0, 0, 0, 0, 0, 0, 0, 0, 0, 0, 0, 0, 1, 2, 2, 3, 0, 0, 0, 0, 0, 0, 0]
improve 26 25
rotate max-count 0 num occurrences 3
Number of plateaus 3
14 unsat
13 unsat
12 unsat
11 unsat
10 unsat
9 unsat
8 unsat
7 unsat
6 unsat
5 unsat
4 unsat
3 unsat
2 sat
27 29 [0, 0, 0, 0, 0, 0, 0, 0, 0, 0, 0, 0, 0, 0, 0, 0, 1, 1, 1, 1, 1, 1, 0, 0, 0, 0, 0, 0, 0]
[0, 0, 0, 0, 0, 0, 0, 0, 0, 0, 0, 0, 0, 0, 0, 0, 1, 1, 2, 3, 3, 4, 0, 0, 0, 0, 0, 0, 0]
improve 25 23
rotate max-count 0 num occurrences 4
Number of plateaus 4
1 sat
improve 23 23
0 sat
improve 23 23
total number of cores 66
total number of correction sets 9
maxsat [ 0 ,  23 ] offset 0
[(1, 34), (2, 9), (3, 5), (4, 6), (5, 4), (6, 4), (7, 2), (8, 2)]
[(23, 3), (25, 1), (26, 2), (28, 1), (29, 2)]
New offset 23
Wrong files:
