Reduce 27 -> 13 iterations 14 unknown 0
Reduce 27 -> 13 iterations 14 unknown 0
Reduce 26 -> 13 iterations 13 unknown 0
Reduce 25 -> 12 iterations 13 unknown 0
Reduce 24 -> 12 iterations 12 unknown 0
Reduce 23 -> 11 iterations 12 unknown 0
Reduce 22 -> 11 iterations 11 unknown 0
Reduce 21 -> 10 iterations 11 unknown 0
Reduce 20 -> 10 iterations 10 unknown 0
Reduce 19 -> 9 iterations 10 unknown 0
Reduce 18 -> 9 iterations 9 unknown 0
Reduce 17 -> 8 iterations 9 unknown 0
Reduce 16 -> 8 iterations 8 unknown 0
Reduce 15 -> 7 iterations 8 unknown 0
Reduce 14 -> 7 iterations 7 unknown 0
Reduce 13 -> 6 iterations 7 unknown 0
Reduce 12 -> 6 iterations 6 unknown 0
Reduce 11 -> 5 iterations 6 unknown 0
Reduce 10 -> 3 iterations 4 unknown 0
Reduce 9 -> 3 iterations 3 unknown 0
Reduce 8 -> 3 iterations 3 unknown 0
Reduce 7 -> 3 iterations 3 unknown 0
Reduce 6 -> 3 iterations 3 unknown 0
Reduce 5 -> 2 iterations 3 unknown 0
[0, 0, 0, 0, 0, 0, 0, 0, 0, 0, 0, 0, 0, 0, 0, 0, 0, 0, 0, 0, 0, 0, 0, 0, 0, 0, 0]
improve 27 27
Reduce 11 -> 5 iterations 6 unknown 0
Reduce 10 -> 5 iterations 5 unknown 0
Reduce 9 -> 4 iterations 5 unknown 0
Reduce 8 -> 4 iterations 4 unknown 0
Reduce 7 -> 3 iterations 4 unknown 0
Reduce 6 -> 3 iterations 3 unknown 0
Reduce 5 -> 2 iterations 3 unknown 0
23 27 [0, 0, 0, 0, 0, 0, 0, 0, 0, 0, 0, 0, 0, 0, 0, 0, 1, 1, 1, 1, 0, 0, 0, 0, 0, 0, 0]
[0, 0, 0, 0, 0, 0, 0, 0, 0, 0, 0, 0, 0, 0, 0, 0, 1, 1, 1, 1, 0, 0, 0, 0, 0, 0, 0]
improve 27 23
Reduce 6 -> 3 iterations 3 unknown 0
Reduce 5 -> 2 iterations 3 unknown 0
26 unsat
25 unsat
24 unsat
23 sat
22 unsat
21 unsat
20 sat
19 sat
improve 23 23
18 unsat
17 unsat
16 unsat
15 unsat
14 unsat
13 unsat
12 unsat
11 sat
improve 23 23
10 unsat
9 unsat
8 sat
26 27 [0, 0, 0, 0, 0, 0, 0, 0, 0, 0, 0, 0, 0, 0, 0, 1, 1, 1, 1, 1, 0, 0, 0, 0, 0, 0, 0]
[0, 0, 0, 0, 0, 0, 0, 0, 0, 0, 0, 0, 0, 0, 0, 1, 2, 2, 2, 2, 0, 0, 0, 0, 0, 0, 0]
improve 23 22
rotate max-count 2 num occurrences 1
Number of plateaus 4
try-rotate 2
26 27 [0, 0, 0, 0, 0, 0, 0, 0, 0, 0, 0, 0, 0, 0, 1, 1, 1, 1, 1, 1, 0, 0, 0, 0, 0, 0, 0]
[0, 0, 0, 0, 0, 0, 0, 0, 0, 0, 0, 0, 0, 0, 1, 2, 3, 3, 3, 3, 0, 0, 0, 0, 0, 0, 0]
improve 22 21
improve 21 21
rotate-1 done, sat 2 unsat 21
rotate max-count 18 num occurrences 4
Number of plateaus 1
try-rotate 3
improve 21 21
rotate-1 done, sat 1 unsat 21
try-rotate 18
improve 21 21
rotate-1 done, sat 1 unsat 21
try-rotate 18
improve 21 21
rotate-1 done, sat 1 unsat 21
try-rotate 18
improve 21 21
rotate-1 done, sat 1 unsat 21
try-rotate 18
improve 21 21
rotate-1 done, sat 1 unsat 21
7 unsat
6 unsat
5 unsat
4 unsat
3 unsat
2 unsat
1 unsat
0 sat
improve 21 21
total number of cores 195
total number of correction sets 18
maxsat [ 0 ,  21 ] offset 0
[(1, 68), (2, 8), (3, 12), (4, 6), (5, 18), (6, 53), (7, 17), (8, 2), (9, 2), (10, 2), (11, 2), (12, 2), (13, 3)]
[(21, 8), (22, 1), (23, 3), (24, 2), (27, 4)]
New offset 21
Reduce 30 -> 14 iterations 15 unknown 0
Reduce 30 -> 14 iterations 15 unknown 0
Reduce 29 -> 14 iterations 14 unknown 0
Reduce 28 -> 13 iterations 14 unknown 0
Reduce 27 -> 13 iterations 13 unknown 0
Reduce 26 -> 12 iterations 13 unknown 0
Reduce 25 -> 12 iterations 12 unknown 0
Reduce 24 -> 11 iterations 12 unknown 0
Reduce 23 -> 11 iterations 11 unknown 0
Reduce 22 -> 11 iterations 11 unknown 0
Reduce 21 -> 10 iterations 11 unknown 0
Reduce 20 -> 10 iterations 10 unknown 0
Reduce 19 -> 9 iterations 10 unknown 0
Reduce 18 -> 8 iterations 8 unknown 0
Reduce 17 -> 7 iterations 7 unknown 0
Reduce 16 -> 7 iterations 7 unknown 0
Reduce 15 -> 6 iterations 7 unknown 0
Reduce 14 -> 6 iterations 7 unknown 0
Reduce 13 -> 6 iterations 7 unknown 0
Reduce 12 -> 6 iterations 6 unknown 0
Reduce 11 -> 5 iterations 6 unknown 0
Reduce 10 -> 5 iterations 5 unknown 0
Reduce 9 -> 4 iterations 5 unknown 0
Reduce 8 -> 4 iterations 4 unknown 0
Reduce 7 -> 3 iterations 4 unknown 0
Reduce 6 -> 3 iterations 4 unknown 1
Reduce 5 -> 3 iterations 3 unknown 1
[0, 0, 0, 0, 0, 0, 0, 0, 0, 0, 0, 0, 0, 1, 1, 1, 1, 1, 1, 1, 1, 1, 1, 0, 0, 0, 0, 0, 0, 0]
improve 30 20
Reduce 5 -> 3 iterations 3 unknown 1
Reduce 9 -> 4 iterations 5 unknown 0
Reduce 8 -> 4 iterations 4 unknown 0
Reduce 7 -> 3 iterations 4 unknown 0
Reduce 6 -> 3 iterations 3 unknown 0
Reduce 5 -> 2 iterations 3 unknown 0
Reduce 5 -> 2 iterations 3 unknown 0
unknown
total number of cores 51
total number of correction sets 3
maxsat [ 0 ,  20 ] offset 0
[(1, 2), (2, 8), (3, 10), (4, 9), (5, 2), (6, 4), (7, 2), (8, 1), (9, 1), (10, 2), (11, 3), (12, 2), (13, 2), (14, 3)]
[(20, 1), (27, 1), (30, 1)]
New offset 4
Reduce 11 -> 5 iterations 6 unknown 0
Reduce 11 -> 5 iterations 6 unknown 0
Reduce 10 -> 5 iterations 5 unknown 0
Reduce 9 -> 4 iterations 5 unknown 0
Reduce 8 -> 4 iterations 4 unknown 0
Reduce 7 -> 3 iterations 3 unknown 0
Reduce 6 -> 3 iterations 3 unknown 0
Reduce 6 -> 3 iterations 3 unknown 0
Reduce 5 -> 2 iterations 3 unknown 0
[0, 0, 0, 0, 0, 0, 0, 0, 0, 0, 0, 0]
improve 12 12
improve 12 12
improve 12 12
11 unsat
10 unsat
9 unsat
8 unsat
7 unsat
6 unsat
5 unsat
4 unsat
3 unsat
2 unsat
1 unsat
0 unsat
total number of cores 29
total number of correction sets 3
maxsat [ 0 ,  12 ] offset 0
[(1, 15), (2, 3), (3, 5), (4, 3), (5, 3)]
[(12, 3)]
New offset 12
Reduce 17 -> 8 iterations 9 unknown 0
Reduce 17 -> 8 iterations 9 unknown 0
Reduce 16 -> 8 iterations 8 unknown 0
Reduce 15 -> 7 iterations 8 unknown 0
Reduce 14 -> 7 iterations 7 unknown 0
Reduce 13 -> 6 iterations 7 unknown 0
Reduce 12 -> 6 iterations 6 unknown 0
Reduce 11 -> 3 iterations 4 unknown 0
Reduce 10 -> 3 iterations 3 unknown 0
Reduce 9 -> 2 iterations 3 unknown 0
Reduce 8 -> 2 iterations 3 unknown 0
Reduce 7 -> 2 iterations 3 unknown 0
Reduce 6 -> 2 iterations 3 unknown 0
Reduce 5 -> 2 iterations 2 unknown 0
[0, 0, 0, 0, 0, 1, 1, 1, 1, 0, 0, 0, 0, 0, 0, 0, 0]
improve 17 13
Reduce 6 -> 3 iterations 3 unknown 0
Reduce 5 -> 2 iterations 3 unknown 0
Reduce 5 -> 2 iterations 3 unknown 0
Reduce 5 -> 2 iterations 3 unknown 0
16 unsat
15 unsat
14 unsat
13 sat
12 unsat
11 sat
10 unsat
9 unsat
8 sat
improve 13 13
7 sat
improve 13 13
6 unsat
5 unsat
Reduce 5 -> 3 iterations 4 unknown 2
4 unsat
3 unsat
2 unsat
1 unsat
0 unsat
total number of cores 41
total number of correction sets 8
maxsat [ 0 ,  13 ] offset 0
[(1, 14), (2, 11), (3, 7), (4, 2), (6, 2), (7, 2), (8, 3)]
[(13, 3), (15, 2), (17, 3)]
New offset 12
Reduce 17 -> 8 iterations 9 unknown 0
Reduce 17 -> 8 iterations 9 unknown 0
Reduce 16 -> 8 iterations 8 unknown 0
Reduce 15 -> 7 iterations 8 unknown 0
Reduce 14 -> 6 iterations 6 unknown 0
Reduce 13 -> 5 iterations 6 unknown 0
Reduce 12 -> 5 iterations 5 unknown 0
Reduce 11 -> 4 iterations 5 unknown 0
Reduce 10 -> 4 iterations 4 unknown 0
Reduce 9 -> 3 iterations 4 unknown 0
Reduce 8 -> 3 iterations 3 unknown 0
Reduce 7 -> 2 iterations 3 unknown 0
Reduce 6 -> 2 iterations 2 unknown 0
Reduce 5 -> 1 iterations 2 unknown 0
[0, 0, 0, 0, 0, 0, 0, 0, 1, 0, 0, 0, 0, 0, 0, 0, 0]
improve 17 16
Reduce 8 -> 3 iterations 4 unknown 0
Reduce 7 -> 3 iterations 4 unknown 0
Reduce 6 -> 3 iterations 3 unknown 0
Reduce 5 -> 3 iterations 3 unknown 1
16 sat
14 17 [0, 0, 0, 0, 0, 1, 1, 1, 1, 0, 0, 0, 0, 0, 0, 0, 0]
[0, 0, 0, 0, 0, 1, 1, 1, 2, 0, 0, 0, 0, 0, 0, 0, 0]
improve 16 13
rotate max-count 0 num occurrences 1
Number of plateaus 1
15 unsat
14 unsat
13 unsat
12 unsat
11 unsat
10 sat
improve 13 13
9 sat
improve 13 13
8 unsat
7 sat
improve 13 13
6 unsat
5 unsat
4 unsat
3 unsat
2 unsat
1 unsat
0 unsat
Reduce 5 -> 2 iterations 3 unknown 0
total number of cores 44
total number of correction sets 8
maxsat [ 0 ,  13 ] offset 0
[(1, 11), (2, 12), (3, 9), (4, 5), (5, 2), (6, 1), (7, 1), (8, 3)]
[(13, 4), (16, 1), (17, 3)]
New offset 10
Reduce 22 -> 11 iterations 11 unknown 0
Reduce 22 -> 11 iterations 11 unknown 0
Reduce 21 -> 5 iterations 6 unknown 1
Reduce 20 -> 4 iterations 5 unknown 0
Reduce 19 -> 4 iterations 4 unknown 0
Reduce 18 -> 9 iterations 9 unknown 0
Reduce 17 -> 8 iterations 9 unknown 0
Reduce 16 -> 8 iterations 8 unknown 0
Reduce 15 -> 7 iterations 8 unknown 0
Reduce 14 -> 7 iterations 7 unknown 0
Reduce 13 -> 6 iterations 7 unknown 0
Reduce 12 -> 3 iterations 3 unknown 0
Reduce 11 -> 2 iterations 3 unknown 0
Reduce 10 -> 2 iterations 3 unknown 0
Reduce 9 -> 2 iterations 2 unknown 0
Reduce 8 -> 1 iterations 2 unknown 0
Reduce 7 -> 1 iterations 2 unknown 0
Reduce 6 -> 1 iterations 2 unknown 0
Reduce 5 -> 1 iterations 2 unknown 0
[0, 0, 0, 0, 0, 0, 0, 0, 0, 0, 0, 0, 0, 0, 0, 0, 0, 0, 0, 0, 0, 0]
improve 22 22
improve 22 22
improve 22 22
improve 22 22
improve 22 22
21 unsat
20 unsat
19 unsat
18 unsat
17 sat
21 22 [0, 0, 0, 0, 0, 0, 0, 0, 0, 0, 0, 0, 0, 0, 1, 0, 0, 0, 0, 0, 0, 0]
[0, 0, 0, 0, 0, 0, 0, 0, 0, 0, 0, 0, 0, 0, 1, 0, 0, 0, 0, 0, 0, 0]
improve 22 21
rotate max-count 0 num occurrences 1
Number of plateaus 1
16 unsat
15 unsat
14 unsat
13 unknown
12 unsat
11 unsat
10 unsat
9 unsat
8 unsat
7 unsat
6 unsat
5 unsat
4 unknown
3 unsat
2 unsat
1 unsat
0 unsat
Number undetermined 2
total number of cores 60
total number of correction sets 6
maxsat [ 0 ,  21 ] offset 0
[(1, 24), (2, 15), (3, 7), (4, 5), (5, 1), (6, 1), (7, 2), (8, 2), (9, 1), (11, 2)]
[(21, 1), (22, 5)]
New offset 16
Reduce 22 -> 11 iterations 11 unknown 0
Reduce 22 -> 11 iterations 11 unknown 0
Reduce 21 -> 10 iterations 11 unknown 0
Reduce 20 -> 10 iterations 10 unknown 0
Reduce 19 -> 9 iterations 10 unknown 0
Reduce 18 -> 9 iterations 9 unknown 0
Reduce 17 -> 8 iterations 9 unknown 0
Reduce 16 -> 8 iterations 8 unknown 0
Reduce 15 -> 7 iterations 8 unknown 0
Reduce 14 -> 7 iterations 7 unknown 0
Reduce 13 -> 6 iterations 7 unknown 0
Reduce 12 -> 6 iterations 6 unknown 0
Reduce 11 -> 5 iterations 6 unknown 0
Reduce 10 -> 3 iterations 3 unknown 0
Reduce 9 -> 2 iterations 3 unknown 0
Reduce 8 -> 2 iterations 2 unknown 0
Reduce 7 -> 2 iterations 2 unknown 0
Reduce 6 -> 1 iterations 2 unknown 0
Reduce 5 -> 1 iterations 2 unknown 0
[0, 0, 0, 0, 0, 0, 0, 0, 0, 0, 0, 0, 0, 0, 0, 0, 0, 0, 0, 0, 0, 0]
improve 22 22
Reduce 5 -> 2 iterations 3 unknown 0
Reduce 5 -> 2 iterations 3 unknown 0
Reduce 5 -> 1 iterations 3 unknown 0
unknown
total number of cores 30
total number of correction sets 1
maxsat [ 0 ,  22 ] offset 0
[(1, 6), (2, 7), (3, 2), (4, 2), (5, 1), (6, 2), (7, 2), (8, 2), (9, 2), (10, 2), (11, 2)]
[(22, 1)]
New offset 8
Reduce 22 -> 11 iterations 11 unknown 0
Reduce 22 -> 11 iterations 11 unknown 0
Reduce 21 -> 10 iterations 11 unknown 0
Reduce 20 -> 10 iterations 10 unknown 0
Reduce 19 -> 9 iterations 10 unknown 0
Reduce 18 -> 9 iterations 9 unknown 0
Reduce 17 -> 8 iterations 9 unknown 0
Reduce 16 -> 8 iterations 8 unknown 0
Reduce 15 -> 7 iterations 8 unknown 0
Reduce 14 -> 4 iterations 4 unknown 0
Reduce 13 -> 3 iterations 4 unknown 0
Reduce 12 -> 3 iterations 3 unknown 0
Reduce 11 -> 3 iterations 3 unknown 0
Reduce 10 -> 5 iterations 5 unknown 0
Reduce 9 -> 4 iterations 5 unknown 0
Reduce 8 -> 4 iterations 4 unknown 0
Reduce 7 -> 2 iterations 2 unknown 0
Reduce 6 -> 1 iterations 2 unknown 0
Reduce 5 -> 1 iterations 2 unknown 0
[0, 0, 0, 0, 0, 0, 0, 0, 0, 0, 0, 0, 0, 0, 0, 0, 0, 0, 0, 0, 0, 0]
improve 22 22
unknown
total number of cores 29
total number of correction sets 1
maxsat [ 0 ,  22 ] offset 0
[(1, 7), (2, 4), (3, 4), (4, 4), (5, 1), (7, 1), (8, 2), (9, 2), (10, 2), (11, 2)]
[(22, 1)]
New offset 8
Reduce 22 -> 11 iterations 11 unknown 0
Reduce 22 -> 11 iterations 11 unknown 0
Reduce 21 -> 10 iterations 11 unknown 0
Reduce 20 -> 5 iterations 6 unknown 1
Reduce 19 -> 4 iterations 5 unknown 0
Reduce 18 -> 4 iterations 5 unknown 0
Reduce 17 -> 4 iterations 5 unknown 0
Reduce 16 -> 4 iterations 4 unknown 0
Reduce 15 -> 4 iterations 4 unknown 0
Reduce 14 -> 3 iterations 4 unknown 0
Reduce 13 -> 3 iterations 4 unknown 0
Reduce 12 -> 3 iterations 4 unknown 0
Reduce 11 -> 3 iterations 3 unknown 0
Reduce 10 -> 2 iterations 3 unknown 0
Reduce 9 -> 2 iterations 3 unknown 0
Reduce 8 -> 2 iterations 2 unknown 0
Reduce 7 -> 2 iterations 2 unknown 0
Reduce 6 -> 1 iterations 2 unknown 0
Reduce 5 -> 1 iterations 2 unknown 0
[0, 0, 0, 0, 0, 0, 0, 0, 0, 0, 0, 0, 0, 0, 0, 0, 0, 0, 0, 0, 0, 0]
improve 22 22
unknown
total number of cores 28
total number of correction sets 1
maxsat [ 0 ,  22 ] offset 0
[(1, 7), (2, 6), (3, 5), (4, 6), (5, 1), (10, 1), (11, 2)]
[(22, 1)]
New offset 9
Reduce 17 -> 8 iterations 9 unknown 0
Reduce 17 -> 8 iterations 9 unknown 0
Reduce 16 -> 8 iterations 8 unknown 0
Reduce 15 -> 7 iterations 8 unknown 0
Reduce 14 -> 7 iterations 7 unknown 0
Reduce 13 -> 6 iterations 7 unknown 0
Reduce 12 -> 6 iterations 6 unknown 0
Reduce 11 -> 5 iterations 6 unknown 0
Reduce 10 -> 5 iterations 5 unknown 0
Reduce 9 -> 3 iterations 4 unknown 0
Reduce 8 -> 3 iterations 3 unknown 0
Reduce 7 -> 3 iterations 3 unknown 0
Reduce 6 -> 2 iterations 3 unknown 0
Reduce 5 -> 2 iterations 2 unknown 0
[0, 0, 0, 0, 0, 0, 0, 0, 0, 0, 0, 0, 0, 0, 0, 0, 0]
improve 17 17
Reduce 5 -> 2 iterations 3 unknown 0
improve 17 17
13 unsat
12 unsat
11 unsat
10 unsat
9 unsat
8 unsat
7 unsat
6 unsat
5 unsat
4 sat
13 17 [0, 0, 0, 0, 0, 1, 1, 1, 1, 0, 0, 0, 0, 0, 0, 0, 0]
[0, 0, 0, 0, 0, 1, 1, 1, 1, 0, 0, 0, 0, 0, 0, 0, 0]
improve 17 13
rotate max-count 4 num occurrences 3
Number of plateaus 1
try-rotate 4
improve 13 13
rotate-1 done, sat 1 unsat 13
try-rotate 4
unknown
rotate-1 done, sat 0 unsat 13
try-rotate 4
unknown
rotate-1 done, sat 0 unsat 13
3 unsat
2 unsat
1 unsat
Reduce 5 -> 2 iterations 3 unknown 0
0 unsat
total number of cores 75
total number of correction sets 4
maxsat [ 0 ,  13 ] offset 0
[(1, 13), (2, 6), (3, 6), (4, 41), (5, 2), (6, 2), (7, 2), (8, 3)]
[(13, 2), (17, 2)]
New offset 9
Reduce 23 -> 11 iterations 12 unknown 0
Reduce 23 -> 11 iterations 12 unknown 0
Reduce 22 -> 11 iterations 11 unknown 0
Reduce 21 -> 10 iterations 11 unknown 0
Reduce 20 -> 10 iterations 10 unknown 0
Reduce 19 -> 9 iterations 10 unknown 0
Reduce 18 -> 5 iterations 6 unknown 0
Reduce 17 -> 5 iterations 5 unknown 0
Reduce 16 -> 4 iterations 5 unknown 0
Reduce 15 -> 4 iterations 4 unknown 0
Reduce 14 -> 3 iterations 4 unknown 0
Reduce 13 -> 3 iterations 3 unknown 0
Reduce 12 -> 2 iterations 3 unknown 0
Reduce 11 -> 2 iterations 3 unknown 0
Reduce 10 -> 2 iterations 2 unknown 0
Reduce 9 -> 1 iterations 2 unknown 0
Reduce 8 -> 1 iterations 2 unknown 0
Reduce 7 -> 1 iterations 2 unknown 0
Reduce 6 -> 1 iterations 2 unknown 0
Reduce 5 -> 1 iterations 2 unknown 0
[0, 0, 0, 0, 0, 0, 0, 0, 0, 0, 0, 0, 0, 0, 0, 0, 0, 0, 0, 0, 0, 0, 0]
improve 23 23
Reduce 7 -> 4 iterations 4 unknown 1
Reduce 7 -> 4 iterations 4 unknown 1
Reduce 6 -> 3 iterations 3 unknown 0
Reduce 5 -> 2 iterations 3 unknown 0
improve 23 23
unknown
total number of cores 36
total number of correction sets 2
maxsat [ 0 ,  23 ] offset 0
[(1, 7), (2, 8), (3, 6), (4, 7), (5, 2), (9, 1), (10, 2), (11, 3)]
[(23, 2)]
New offset 10
Reduce 17 -> 8 iterations 9 unknown 0
Reduce 17 -> 8 iterations 9 unknown 0
Reduce 16 -> 8 iterations 8 unknown 0
Reduce 15 -> 7 iterations 8 unknown 0
Reduce 14 -> 7 iterations 7 unknown 0
Reduce 13 -> 6 iterations 7 unknown 0
Reduce 12 -> 6 iterations 6 unknown 0
Reduce 11 -> 5 iterations 6 unknown 0
Reduce 10 -> 5 iterations 5 unknown 0
Reduce 9 -> 4 iterations 5 unknown 0
Reduce 8 -> 4 iterations 4 unknown 0
Reduce 7 -> 3 iterations 4 unknown 0
Reduce 6 -> 3 iterations 3 unknown 0
Reduce 5 -> 2 iterations 3 unknown 0
unknown
total number of cores 17
total number of correction sets 0
maxsat [ 0 ,  17 ] offset 0
[(2, 2), (3, 3), (4, 3), (5, 2), (6, 2), (7, 2), (8, 3)]
[]
New offset 2
Reduce 29 -> 14 iterations 15 unknown 0
Reduce 29 -> 14 iterations 15 unknown 0
Reduce 28 -> 14 iterations 14 unknown 0
Reduce 27 -> 13 iterations 14 unknown 0
Reduce 26 -> 13 iterations 13 unknown 0
Reduce 25 -> 12 iterations 13 unknown 0
Reduce 24 -> 12 iterations 12 unknown 0
Reduce 23 -> 11 iterations 12 unknown 0
Reduce 22 -> 11 iterations 11 unknown 0
Reduce 21 -> 10 iterations 11 unknown 0
Reduce 20 -> 7 iterations 8 unknown 0
Reduce 19 -> 7 iterations 7 unknown 0
Reduce 18 -> 6 iterations 7 unknown 0
Reduce 17 -> 6 iterations 6 unknown 0
Reduce 16 -> 5 iterations 6 unknown 0
Reduce 15 -> 5 iterations 6 unknown 0
Reduce 14 -> 5 iterations 5 unknown 0
Reduce 13 -> 5 iterations 5 unknown 0
Reduce 12 -> 5 iterations 5 unknown 0
Reduce 11 -> 4 iterations 5 unknown 0
Reduce 10 -> 4 iterations 4 unknown 0
Reduce 9 -> 3 iterations 4 unknown 0
Reduce 8 -> 3 iterations 3 unknown 0
Reduce 7 -> 2 iterations 3 unknown 0
Reduce 6 -> 2 iterations 3 unknown 0
Reduce 5 -> 2 iterations 3 unknown 0
[0, 0, 0, 0, 0, 0, 0, 0, 0, 0, 0, 0, 0, 0, 0, 0, 0, 0, 0, 0, 0, 0, 0, 0, 0, 0, 0, 0, 0]
improve 29 29
Reduce 11 -> 5 iterations 6 unknown 0
Reduce 10 -> 5 iterations 5 unknown 0
Reduce 9 -> 4 iterations 5 unknown 0
Reduce 8 -> 4 iterations 4 unknown 0
Reduce 7 -> 3 iterations 4 unknown 0
Reduce 6 -> 3 iterations 3 unknown 0
Reduce 5 -> 2 iterations 3 unknown 0
28 29 [0, 0, 0, 0, 0, 0, 0, 0, 0, 0, 0, 0, 0, 0, 0, 0, 0, 0, 0, 0, 0, 1, 0, 0, 0, 0, 0, 0, 0]
[0, 0, 0, 0, 0, 0, 0, 0, 0, 0, 0, 0, 0, 0, 0, 0, 0, 0, 0, 0, 0, 1, 0, 0, 0, 0, 0, 0, 0]
improve 29 28
Reduce 5 -> 2 iterations 3 unknown 0
26 29 [0, 0, 0, 0, 0, 0, 0, 0, 0, 0, 0, 0, 0, 0, 0, 0, 0, 0, 1, 1, 1, 1, 0, 0, 0, 0, 0, 0, 0]
[0, 0, 0, 0, 0, 0, 0, 0, 0, 0, 0, 0, 0, 0, 0, 0, 0, 0, 1, 1, 1, 2, 0, 0, 0, 0, 0, 0, 0]
improve 28 25
26 unsat
25 unsat
24 sat
improve 25 25
23 unsat
22 unsat
21 unsat
20 unsat
19 unsat
18 unsat
17 unsat
16 sat
27 29 [0, 0, 0, 0, 0, 0, 0, 0, 0, 0, 0, 0, 0, 0, 0, 0, 1, 1, 1, 1, 1, 1, 0, 0, 0, 0, 0, 0, 0]
[0, 0, 0, 0, 0, 0, 0, 0, 0, 0, 0, 0, 0, 0, 0, 0, 1, 1, 2, 2, 2, 3, 0, 0, 0, 0, 0, 0, 0]
improve 25 23
rotate max-count 9 num occurrences 2
Number of plateaus 1
try-rotate 4
improve 23 23
improve 23 23
improve 23 23
rotate-1 done, sat 3 unsat 23
try-rotate 9
improve 23 23
improve 23 23
improve 23 23
rotate-1 done, sat 3 unsat 23
try-rotate 9
improve 23 23
improve 23 23
improve 23 23
rotate-1 done, sat 3 unsat 23
15 unsat
14 unsat
13 unsat
12 unsat
11 unsat
10 unsat
9 unsat
8 unsat
7 unsat
6 unsat
5 unsat
4 sat
improve 23 23
3 unsat
2 unsat
1 unsat
0 sat
improve 23 23
total number of cores 139
total number of correction sets 17
maxsat [ 0 ,  23 ] offset 0
[(1, 6), (2, 8), (3, 19), (4, 77), (5, 8), (6, 9), (7, 2), (10, 1), (11, 2), (12, 2), (13, 2), (14, 3)]
[(23, 12), (25, 2), (27, 1), (28, 1), (29, 1)]
New offset 7
Wrong files: 0x1d29Bafa88E83a6D8F757DbFAf8BAf7be8fE08Bf_LoveVote_block306 0x0c9C2e9647f65118EffB3d87C6D025d95845E930_Rugpull_block528 0x1d29Bafa88E83a6D8F757DbFAf8BAf7be8fE08Bf_LoveVote_block201 0x1d29Bafa88E83a6D8F757DbFAf8BAf7be8fE08Bf_LoveVote_block204 0x1f2cF791d940Bbb9fbe777271afa6ff9bBA8AbA0_ERC20_block56 0x0c9C2e9647f65118EffB3d87C6D025d95845E930_ERC721_block25 0x0c9C2e9647f65118EffB3d87C6D025d95845E930_Rugpull_block39 0x1E77fbE7bfe9b11c75b90A76f571dca0C6D70a9a_ePORC_block21 0x1f2cF791d940Bbb9fbe777271afa6ff9bBA8AbA0_ERC20_block75
